Log file open, 01/26/19 15:50:07
LogWindows: Failed to load 'aqProf.dll' (GetLastError=126)
LogWindows: File 'aqProf.dll' does not exist
LogWindows: Failed to load 'VSPerf140.dll' (GetLastError=126)
LogWindows: File 'VSPerf140.dll' does not exist
LogWindows: Failed to load 'VtuneApi.dll' (GetLastError=126)
LogWindows: File 'VtuneApi.dll' does not exist
LogWindows: Failed to load 'VtuneApi32e.dll' (GetLastError=126)
LogWindows: File 'VtuneApi32e.dll' does not exist
LogInit: Display: Running engine for game: CAF_WhiteBox
LogPlatformFile: Not using cached read wrapper
LogTaskGraph: Started task graph with 5 named threads and 23 total threads with 3 sets of task threads.
LogStats: Stats thread started at 0.293613
LogD3D11RHI: Loaded GFSDK_Aftermath_Lib.x64.dll
LogICUInternationalization: Display: ICU TimeZone Detection - Raw Offset: -7:00, Platform Override: ''
LogPluginManager: Mounting plugin Paper2D
LogPluginManager: Mounting plugin AISupport
LogPluginManager: Mounting plugin LightPropagationVolume
LogPluginManager: Mounting plugin CLionSourceCodeAccess
LogPluginManager: Mounting plugin CodeLiteSourceCodeAccess
LogPluginManager: Mounting plugin GitSourceControl
LogPluginManager: Mounting plugin KDevelopSourceCodeAccess
LogPluginManager: Mounting plugin NullSourceCodeAccess
LogPluginManager: Mounting plugin PerforceSourceControl
LogPluginManager: Mounting plugin SubversionSourceControl
LogPluginManager: Mounting plugin UObjectPlugin
LogPluginManager: Mounting plugin VisualStudioCodeSourceCodeAccess
LogPluginManager: Mounting plugin VisualStudioSourceCodeAccess
LogPluginManager: Mounting plugin XCodeSourceCodeAccess
LogPluginManager: Mounting plugin AssetManagerEditor
LogPluginManager: Mounting plugin CryptoKeys
LogPluginManager: Mounting plugin DataValidation
LogPluginManager: Mounting plugin FacialAnimation
LogPluginManager: Mounting plugin GameplayTagsEditor
LogPluginManager: Mounting plugin MacGraphicsSwitching
LogPluginManager: Mounting plugin MeshEditor
LogPluginManager: Mounting plugin MobileLauncherProfileWizard
LogPluginManager: Mounting plugin PluginBrowser
LogPluginManager: Mounting plugin SpeedTreeImporter
LogPluginManager: Mounting plugin DatasmithContent
LogPluginManager: Mounting plugin AlembicImporter
LogPluginManager: Mounting plugin AppleImageUtils
LogPluginManager: Mounting plugin AppleVision
LogPluginManager: Mounting plugin BackChannel
LogPluginManager: Mounting plugin CharacterAI
LogPluginManager: Mounting plugin GeometryCache
LogPluginManager: Mounting plugin HTML5Networking
LogPluginManager: Mounting plugin ProxyLODPlugin
LogPluginManager: Mounting plugin MagicLeap
LogPluginManager: Mounting plugin MagicLeapEmulator
LogPluginManager: Mounting plugin MagicLeapMedia
LogPluginManager: Mounting plugin AndroidMedia
LogPluginManager: Mounting plugin AvfMedia
LogPluginManager: Mounting plugin ImgMedia
LogPluginManager: Mounting plugin LinearTimecode
LogPluginManager: Mounting plugin MediaCompositing
LogPluginManager: Mounting plugin MediaPlayerEditor
LogPluginManager: Mounting plugin WmfMedia
LogPluginManager: Mounting plugin TcpMessaging
LogPluginManager: Mounting plugin UdpMessaging
LogPluginManager: Mounting plugin ActorSequence
LogPluginManager: Mounting plugin LevelSequenceEditor
LogPluginManager: Mounting plugin MatineeToLevelSequence
LogPluginManager: Mounting plugin NetcodeUnitTest
LogPluginManager: Mounting plugin NUTUnrealEngine4
LogPluginManager: Mounting plugin OnlineSubsystemGooglePlay
LogPluginManager: Mounting plugin OnlineSubsystemIOS
LogPluginManager: Mounting plugin OnlineSubsystem
LogPluginManager: Mounting plugin OnlineSubsystemNull
LogPluginManager: Mounting plugin OnlineSubsystemUtils
LogPluginManager: Mounting plugin LauncherChunkInstaller
LogPluginManager: Mounting plugin AndroidDeviceProfileSelector
LogPluginManager: Mounting plugin AndroidMoviePlayer
LogPluginManager: Mounting plugin AndroidPermission
LogPluginManager: Mounting plugin AppleMoviePlayer
LogPluginManager: Mounting plugin ArchVisCharacter
LogPluginManager: Mounting plugin AudioCapture
LogPluginManager: Mounting plugin CableComponent
LogPluginManager: Mounting plugin CustomMeshComponent
LogPluginManager: Mounting plugin EditableMesh
LogPluginManager: Mounting plugin ExampleDeviceProfileSelector
LogPluginManager: Mounting plugin GoogleCloudMessaging
LogPluginManager: Mounting plugin ImmediatePhysics
LogPluginManager: Mounting plugin IOSDeviceProfileSelector
LogPluginManager: Mounting plugin LinuxDeviceProfileSelector
LogPluginManager: Mounting plugin LocationServicesBPLibrary
LogPluginManager: Mounting plugin MobilePatchingUtils
LogPluginManager: Mounting plugin OculusVR
LogPluginManager: Plugin shader directory ../../../Engine/Plugins/Runtime/Oculus/OculusVR/Shaders found
LogPluginManager: Mapping shader source directory ../../../Engine/Plugins/Runtime/Oculus/OculusVR/Shaders to virtual directory /Plugin/OculusVR
LogPluginManager: Mounting plugin PhysXVehicles
LogPluginManager: Mounting plugin ProceduralMeshComponent
LogPluginManager: Mounting plugin RuntimePhysXCooking
LogPluginManager: Mounting plugin SteamVR
LogPluginManager: Mounting plugin WindowsMoviePlayer
LogStreaming: Display: Took  0.143s to configure plugins.
LogInit: Using libcurl 7.55.1-DEV
LogInit:  - built for x86_64-pc-win32
LogInit:  - supports SSL with OpenSSL/1.0.2h
LogInit:  - supports HTTP deflate (compression) using libz 1.2.8
LogInit:  - other features:
LogInit:      CURL_VERSION_SSL
LogInit:      CURL_VERSION_LIBZ
LogInit:      CURL_VERSION_IPV6
LogInit:      CURL_VERSION_ASYNCHDNS
LogInit:      CURL_VERSION_LARGEFILE
LogInit:      CURL_VERSION_IDN
LogInit:  CurlRequestOptions (configurable via config and command line):
LogInit:  - bVerifyPeer = false  - Libcurl will NOT verify peer certificate
LogInit:  - bUseHttpProxy = false  - Libcurl will NOT use HTTP proxy
LogInit:  - bDontReuseConnections = false  - Libcurl will reuse connections
LogInit:  - CertBundlePath = nullptr  - Libcurl will use whatever was configured at build time.
LogInit:  - MaxHostConnections = 16  - Libcurl will limit the number of connections to a host
LogInit:  - LocalHostAddr = Default
LogInit:  - BufferSize = 65536
LogInit: WinSock: version 1.1 (2.2), MaxSocks=32767, MaxUdp=65467
LogInit: Build: ++UE4+Release-4.20-CL-4369336
LogInit: Engine Version: 4.20.3-4369336+++UE4+Release-4.20
LogInit: Compatible Engine Version: 4.20.0-4212847+++UE4+Release-4.20
LogInit: Net CL: 4212847
LogInit: OS: Windows 10 (), CPU: Intel(R) Core(TM) i7-4770K CPU @ 3.50GHz, GPU: NVIDIA GeForce GTX 970
LogInit: Compiled (64-bit): Sep 17 2018 12:26:19
LogInit: Compiled with Visual C++: 19.13.26129.00
LogInit: Build Configuration: Development
LogInit: Branch Name: ++UE4+Release-4.20
LogInit: Command Line: -EpicPortal  -epicusername="SugarFreek" -epicuserid=a8d2d7d3b04f4863bf3d9c0fee570ce4 -epiclocale=en-US
LogInit: Base Directory: E:/Epic Games/Epic Games/UE_4.20/Engine/Binaries/Win64/
LogInit: Installed Engine Build: 1
LogDevObjectVersion: Number of dev versions registered: 20
LogDevObjectVersion:   Dev-Blueprints (B0D832E4-1F89-4F0D-ACCF-7EB736FD4AA2): 10
LogDevObjectVersion:   Dev-Build (E1C64328-A22C-4D53-A36C-8E866417BD8C): 0
LogDevObjectVersion:   Dev-Core (375EC13C-06E4-48FB-B500-84F0262A717E): 2
LogDevObjectVersion:   Dev-Editor (E4B068ED-F494-42E9-A231-DA0B2E46BB41): 24
LogDevObjectVersion:   Dev-Framework (CFFC743F-43B0-4480-9391-14DF171D2073): 34
LogDevObjectVersion:   Dev-Mobile (B02B49B5-BB20-44E9-A304-32B752E40360): 2
LogDevObjectVersion:   Dev-Networking (A4E4105C-59A1-49B5-A7C5-40C4547EDFEE): 0
LogDevObjectVersion:   Dev-Online (39C831C9-5AE6-47DC-9A44-9C173E1C8E7C): 0
LogDevObjectVersion:   Dev-Physics (78F01B33-EBEA-4F98-B9B4-84EACCB95AA2): 0
LogDevObjectVersion:   Dev-Platform (6631380F-2D4D-43E0-8009-CF276956A95A): 0
LogDevObjectVersion:   Dev-Rendering (12F88B9F-8875-4AFC-A67C-D90C383ABD29): 26
LogDevObjectVersion:   Dev-Sequencer (7B5AE74C-D270-4C10-A958-57980B212A5A): 9
LogDevObjectVersion:   Dev-VR (D7296918-1DD6-4BDD-9DE2-64A83CC13884): 2
LogDevObjectVersion:   Dev-LoadTimes (C2A15278-BFE7-4AFE-6C17-90FF531DF755): 1
LogDevObjectVersion:   Private-Geometry (6EACA3D4-40EC-4CC1-B786-8BED09428FC5): 3
LogDevObjectVersion:   Dev-AnimPhys (29E575DD-E0A3-4627-9D10-D276232CDCEA): 17
LogDevObjectVersion:   Dev-ReflectionCapture (6B266CEC-1EC7-4B8F-A30B-E4D90942FC07): 1
LogDevObjectVersion:   Dev-Automation (0DF73D61-A23F-47EA-B727-89E90C41499A): 1
LogDevObjectVersion:   FortniteMain (601D1886-AC64-4F84-AA16-D3DE0DEAC7D6): 12
LogDevObjectVersion:   Dev-Enterprise (9DFFBCD6-494F-0158-E221-12823C92A888): 1
LogStreaming: Display: Took  0.001s to delete old logs.
LogInit: Presizing for max 8388607 objects, including 0 objects not considered by GC, pre-allocating 0 bytes for permanent pool.
LogInit: Object subsystem initialized
[2019.01.26-22.50.08:185][  0]LogInit: Selected Device Profile: [Windows]
[2019.01.26-22.50.08:185][  0]LogInit: Applying CVar settings loaded from the selected device profile: [Windows]
[2019.01.26-22.50.08:205][  0]LogHAL: Display: Platform has ~ 16 GB [17125994496 / 17179869184 / 16], which maps to Larger [LargestMinGB=32, LargerMinGB=12, DefaultMinGB=8, SmallerMinGB=6, SmallestMinGB=0)
[2019.01.26-22.50.08:205][  0]LogInit: Setting Device Profile CVar: [[r.Vulkan.UseRealUBs:1]]
[2019.01.26-22.50.08:205][  0]LogInit: Going up to parent DeviceProfile []
[2019.01.26-22.50.08:206][  0]LogInit: Computer: CARL-PC
[2019.01.26-22.50.08:206][  0]LogInit: User: carlf
[2019.01.26-22.50.08:206][  0]LogInit: CPU Page size=4096, Cores=4
[2019.01.26-22.50.08:206][  0]LogInit: High frequency timer resolution =3.417986 MHz
[2019.01.26-22.50.08:206][  0]LogMemory: Memory total: Physical=15.9GB (16GB approx)
[2019.01.26-22.50.08:206][  0]LogMemory: Platform Memory Stats for Windows
[2019.01.26-22.50.08:206][  0]LogMemory: Process Physical Memory: 99.50 MB used, 99.50 MB peak
[2019.01.26-22.50.08:206][  0]LogMemory: Process Virtual Memory: 90.80 MB used, 90.80 MB peak
[2019.01.26-22.50.08:206][  0]LogMemory: Physical Memory: 7351.56 MB used,  8981.06 MB free, 16332.62 MB total
[2019.01.26-22.50.08:206][  0]LogMemory: Virtual Memory: 4640.35 MB used,  8981.06 MB free, 134217728.00 MB total
[2019.01.26-22.50.08:233][  0]LogInit: Using OS detected language (en-US).
[2019.01.26-22.50.08:233][  0]LogInit: Using OS detected locale (en-US).
[2019.01.26-22.50.08:234][  0]LogTextLocalizationManager: No specific localization for 'en-US' exists, so the 'en' localization will be used.
[2019.01.26-22.50.08:690][  0]LogStreaming: Display: Took  0.458s to InitEngineTextLocalization.
[2019.01.26-22.50.08:691][  0]LogInit: Setting process to per monitor DPI aware
[2019.01.26-22.50.08:723][  0]LogSlate: New Slate User Created.  User Index 0, Is Virtual User: 0
[2019.01.26-22.50.08:723][  0]LogSlate: Slate User Registered.  User Index 0, Is Virtual User: 0
[2019.01.26-22.50.08:968][  0]LogHMD: Failed to initialize OpenVR with code 110
[2019.01.26-22.50.08:968][  0]LogD3D11RHI: D3D11 adapters:
[2019.01.26-22.50.09:028][  0]LogD3D11RHI:    0. 'NVIDIA GeForce GTX 970' (Feature Level 11_0)
[2019.01.26-22.50.09:028][  0]LogD3D11RHI:       4043/0/8166 MB DedicatedVideo/DedicatedSystem/SharedSystem, Outputs:3, VendorId:0x10de
[2019.01.26-22.50.09:031][  0]LogD3D11RHI:    1. 'Microsoft Basic Render Driver' (Feature Level 11_0)
[2019.01.26-22.50.09:031][  0]LogD3D11RHI:       0/0/8166 MB DedicatedVideo/DedicatedSystem/SharedSystem, Outputs:0, VendorId:0x1414
[2019.01.26-22.50.09:031][  0]LogD3D11RHI: Chosen D3D11 Adapter: 0
[2019.01.26-22.50.09:042][  0]LogD3D11RHI: Creating new Direct3DDevice
[2019.01.26-22.50.09:042][  0]LogD3D11RHI:     GPU DeviceId: 0x13c2 (for the marketing name, search the web for "GPU Device Id")
[2019.01.26-22.50.09:042][  0]LogWindows: EnumDisplayDevices:
[2019.01.26-22.50.09:042][  0]LogWindows:    0. 'NVIDIA GeForce GTX 970' (P:0 D:1)
[2019.01.26-22.50.09:043][  0]LogWindows:    1. 'NVIDIA GeForce GTX 970' (P:0 D:1)
[2019.01.26-22.50.09:043][  0]LogWindows:    2. 'NVIDIA GeForce GTX 970' (P:1 D:1)
[2019.01.26-22.50.09:043][  0]LogWindows:    3. 'NVIDIA GeForce GTX 970' (P:0 D:0)
[2019.01.26-22.50.09:044][  0]LogWindows: DebugString: FoundDriverCount:4 
[2019.01.26-22.50.09:044][  0]LogD3D11RHI:     Adapter Name: NVIDIA GeForce GTX 970
[2019.01.26-22.50.09:044][  0]LogD3D11RHI:   Driver Version: 417.01 (internal:25.21.14.1701, unified:417.01)
[2019.01.26-22.50.09:044][  0]LogD3D11RHI:      Driver Date: 11-15-2018
[2019.01.26-22.50.09:044][  0]LogRHI: Texture pool is 2830 MB (70% of 4043 MB)
[2019.01.26-22.50.09:090][  0]LogD3D11RHI: Async texture creation enabled
[2019.01.26-22.50.09:110][  0]LogD3D11RHI: GPU Timing Frequency: 1000.000000 (Debug: 2 2)
[2019.01.26-22.50.09:213][  0]LogShaderCompilers: Guid format shader working directory is -16 characters bigger than the processId version (C:/Users/carlf/Documents/GitHub/CAF_AssetPipeline/CAF_WhiteBox/Intermediate/Shaders/WorkingDirectory/6284/).
[2019.01.26-22.50.09:213][  0]LogShaderCompilers: Cleaned the shader compiler working directory 'C:/Users/carlf/AppData/Local/Temp/UnrealShaderWorkingDir/A75AC1E340AFF3EA0187F59448B004B2/'.
[2019.01.26-22.50.09:531][  0]LogTemp: Display: Loaded TP AllDesktopTargetPlatform
[2019.01.26-22.50.09:547][  0]LogTemp: Display: Loaded TP MacClientTargetPlatform
[2019.01.26-22.50.09:561][  0]LogTemp: Display: Loaded TP MacNoEditorTargetPlatform
[2019.01.26-22.50.09:573][  0]LogTemp: Display: Loaded TP MacServerTargetPlatform
[2019.01.26-22.50.09:586][  0]LogTemp: Display: Loaded TP MacTargetPlatform
[2019.01.26-22.50.09:601][  0]LogTemp: Display: Loaded TP WindowsClientTargetPlatform
[2019.01.26-22.50.09:615][  0]LogTemp: Display: Loaded TP WindowsNoEditorTargetPlatform
[2019.01.26-22.50.09:628][  0]LogTemp: Display: Loaded TP WindowsServerTargetPlatform
[2019.01.26-22.50.09:635][  0]LogTemp: Display: Loaded TP WindowsTargetPlatform
[2019.01.26-22.50.09:720][  0]LogTemp: Display: Loaded TP AndroidTargetPlatform
[2019.01.26-22.50.09:720][  0]LogTemp: Display: Loaded TP AndroidTargetPlatform
[2019.01.26-22.50.09:720][  0]LogTemp: Display: Loaded TP AndroidTargetPlatform
[2019.01.26-22.50.09:720][  0]LogTemp: Display: Loaded TP AndroidTargetPlatform
[2019.01.26-22.50.09:720][  0]LogTemp: Display: Loaded TP AndroidTargetPlatform
[2019.01.26-22.50.09:720][  0]LogTemp: Display: Loaded TP AndroidTargetPlatform
[2019.01.26-22.50.09:720][  0]LogTemp: Display: Loaded TP AndroidTargetPlatform
[2019.01.26-22.50.09:720][  0]LogTemp: Display: Loaded TP AndroidTargetPlatform
[2019.01.26-22.50.09:720][  0]LogTemp: Display: Loaded TP AndroidTargetPlatform
[2019.01.26-22.50.09:720][  0]LogTemp: Display: Loaded TP AndroidTargetPlatform
[2019.01.26-22.50.09:720][  0]LogTemp: Display: Loaded TP AndroidTargetPlatform
[2019.01.26-22.50.09:720][  0]LogTemp: Display: Loaded TP AndroidTargetPlatform
[2019.01.26-22.50.09:720][  0]LogTemp: Display: Loaded TP AndroidTargetPlatform
[2019.01.26-22.50.09:720][  0]LogTemp: Display: Loaded TP AndroidTargetPlatform
[2019.01.26-22.50.09:720][  0]LogTemp: Display: Loaded TP AndroidTargetPlatform
[2019.01.26-22.50.09:720][  0]LogTemp: Display: Loaded TP AndroidTargetPlatform
[2019.01.26-22.50.09:720][  0]LogTemp: Display: Loaded TP AndroidTargetPlatform
[2019.01.26-22.50.09:721][  0]LogTemp: Display: Loaded TP AndroidTargetPlatform
[2019.01.26-22.50.09:722][  0]LogTemp: Display: Loaded TP HTML5TargetPlatform
[2019.01.26-22.50.09:787][  0]LogTemp: Display: Loaded TP IOSTargetPlatform
[2019.01.26-22.50.09:787][  0]LogTemp: Display: Loaded TP IOSTargetPlatform
[2019.01.26-22.50.09:813][  0]LogTemp: Display: Loaded TP TVOSTargetPlatform
[2019.01.26-22.50.09:813][  0]LogTemp: Display: Loaded TP TVOSTargetPlatform
[2019.01.26-22.50.09:826][  0]LogTemp: Display: Loaded TP LinuxClientTargetPlatform
[2019.01.26-22.50.09:840][  0]LogTemp: Display: Loaded TP LinuxNoEditorTargetPlatform
[2019.01.26-22.50.09:852][  0]LogTemp: Display: Loaded TP LinuxServerTargetPlatform
[2019.01.26-22.50.09:865][  0]LogTemp: Display: Loaded TP LinuxTargetPlatform
[2019.01.26-22.50.09:875][  0]LogTemp: Display: Loaded TP LuminTargetPlatform
[2019.01.26-22.50.09:875][  0]LogTargetPlatformManager: Display: Building Assets For Windows
[2019.01.26-22.50.09:939][  0]LogXGEController: Cannot use XGE Controller as Incredibuild is not installed on this machine.
[2019.01.26-22.50.09:939][  0]LogShaderCompilers: Cannot use XGE Shader Compiler as Incredibuild is not installed on this machine.
[2019.01.26-22.50.09:939][  0]LogShaderCompilers: Display: Using Local Shader Compiler.
[2019.01.26-22.50.10:737][  0]LogDerivedDataCache: Display: Max Cache Size: 512 MB
[2019.01.26-22.50.10:855][  0]LogDerivedDataCache: Loaded boot cache 0.12s 87MB C:/Users/carlf/AppData/Local/UnrealEngine/4.20/DerivedDataCache/Boot.ddc.
[2019.01.26-22.50.10:856][  0]LogDerivedDataCache: Display: Loaded Boot cache: C:/Users/carlf/AppData/Local/UnrealEngine/4.20/DerivedDataCache/Boot.ddc
[2019.01.26-22.50.10:856][  0]LogDerivedDataCache: FDerivedDataBackendGraph:  Pak pak cache file C:/Users/carlf/Documents/GitHub/CAF_AssetPipeline/CAF_WhiteBox/DerivedDataCache/DDC.ddp not found, will not use a pak cache.
[2019.01.26-22.50.10:856][  0]LogDerivedDataCache: Unable to find inner node Pak for hierarchical cache Hierarchy.
[2019.01.26-22.50.10:856][  0]LogDerivedDataCache: FDerivedDataBackendGraph:  CompressedPak pak cache file C:/Users/carlf/Documents/GitHub/CAF_AssetPipeline/CAF_WhiteBox/DerivedDataCache/Compressed.ddp not found, will not use a pak cache.
[2019.01.26-22.50.10:856][  0]LogDerivedDataCache: Unable to find inner node CompressedPak for hierarchical cache Hierarchy.
[2019.01.26-22.50.10:870][  0]LogDerivedDataCache: Display: Pak cache opened for reading ../../../Engine/DerivedDataCache/Compressed.ddp.
[2019.01.26-22.50.10:882][  0]LogDerivedDataCache: Using Local data cache path C:/Users/carlf/AppData/Local/UnrealEngine/Common/DerivedDataCache: Writable
[2019.01.26-22.50.10:882][  0]LogDerivedDataCache: Shared data cache path not found in *engine.ini, will not use an Shared cache.
[2019.01.26-22.50.10:882][  0]LogDerivedDataCache: Unable to find inner node Shared for hierarchical cache Hierarchy.
[2019.01.26-22.50.10:903][  0]LogMaterial: Verifying Global Shaders for PCD3D_SM5
[2019.01.26-22.50.10:904][  0]LogSlate: Using FreeType 2.6.0
[2019.01.26-22.50.10:905][  0]LogSlate: SlateFontServices - WITH_FREETYPE: 1, WITH_HARFBUZZ: 1
[2019.01.26-22.50.10:986][  0]LogAssetRegistry: FAssetRegistry took 0.0269 seconds to start up
[2019.01.26-22.50.15:497][  0]LogInit: Selected Device Profile: [Windows]
[2019.01.26-22.50.15:640][  0]LogSimplygon: Simplygon DLL not present - disabling.
[2019.01.26-22.50.15:643][  0]LogMeshReduction: Using SimplygonSwarm for distributed automatic mesh merging
[2019.01.26-22.50.15:643][  0]LogMeshReduction: Using ProxyLODMeshReduction for automatic mesh merging
[2019.01.26-22.50.15:643][  0]LogMeshReduction: Using QuadricMeshReduction for automatic static mesh reduction
[2019.01.26-22.50.15:643][  0]LogMeshReduction: No automatic skeletal mesh reduction module available
[2019.01.26-22.50.15:670][  0]LogNetVersion: CAF_WhiteBox 1.0.0, NetCL: 4212847, EngineNetVer: 5, GameNetVer: 0 (Checksum: 2516722291)
[2019.01.26-22.50.16:293][  0]LogPackageLocalizationCache: Processed 11 localized package path(s) for 2 prioritized culture(s) in 0.150928 seconds
[2019.01.26-22.50.16:306][  0]LogUObjectArray: 38425 objects as part of root set at end of initial load.
[2019.01.26-22.50.16:306][  0]LogUObjectAllocator: 6690864 out of 0 bytes used by permanent object pool.
[2019.01.26-22.50.16:306][  0]LogUObjectArray: CloseDisregardForGC: 0/0 objects in disregard for GC pool
[2019.01.26-22.50.17:268][  0]LogTcpMessaging: Initializing TcpMessaging bridge
[2019.01.26-22.50.17:282][  0]LogUdpMessaging: Initializing bridge on interface 0.0.0.0:0 to multicast group 230.0.0.1:6666.
[2019.01.26-22.50.17:431][  0]SourceControl: Source control is disabled
[2019.01.26-22.50.17:431][  0]SourceControl: Source control is disabled
[2019.01.26-22.50.17:433][  0]SourceControl: Source control is disabled
[2019.01.26-22.50.17:434][  0]SourceControl: Source control is disabled
[2019.01.26-22.50.17:606][  0]LogAndroidPermission: UAndroidPermissionCallbackProxy::GetInstance
[2019.01.26-22.50.17:704][  0]LogOcInput: OculusInput pre-init called
[2019.01.26-22.50.17:770][  0]LogEngine: Initializing Engine...
[2019.01.26-22.50.17:770][  0]LogHMD: Failed to initialize OpenVR with code 110
[2019.01.26-22.50.17:771][  0]LogStats: UGameplayTagsManager::ConstructGameplayTagTree: ImportINI prefixes -  0.000 s
[2019.01.26-22.50.17:771][  0]LogStats: UGameplayTagsManager::ConstructGameplayTagTree: Construct from data asset -  0.000 s
[2019.01.26-22.50.17:772][  0]LogStats: UGameplayTagsManager::ConstructGameplayTagTree: ImportINI -  0.000 s
[2019.01.26-22.50.17:772][  0]LogStats: UGameplayTagsManager::ConstructGameplayTagTree: GameplayTagTreeChangedEvent.Broadcast -  0.000 s
[2019.01.26-22.50.18:033][  0]LogInit: Initializing FReadOnlyCVARCache
[2019.01.26-22.50.18:048][  0]LogAIModule: Creating AISystem for world Untitled
[2019.01.26-22.50.18:067][  0]LogInit: XAudio2 using 'Headset Earphone (Corsair VOID RGB Wireless Gaming Headset)' : 6 channels at 48 kHz using 16 bits per sample (channel mask 0x3f)
[2019.01.26-22.50.18:221][  0]LogInit: FAudioDevice initialized.
[2019.01.26-22.50.18:221][  0]LogNetVersion: Set ProjectVersion to 1.0.0.0. Version Checksum will be recalculated on next use.
[2019.01.26-22.50.18:460][  0]LogDerivedDataCache: Saved boot cache 0.24s 87MB C:/Users/carlf/AppData/Local/UnrealEngine/4.20/DerivedDataCache/Boot.ddc.
[2019.01.26-22.50.18:481][  0]LogInit: Texture streaming: Enabled
[2019.01.26-22.50.18:498][  0]LogEngineSessionManager: EngineSessionManager initialized
[2019.01.26-22.50.18:559][  0]LogInit: Transaction tracking system initialized
[2019.01.26-22.50.18:583][  0]BlueprintLog: New page: Editor Load
[2019.01.26-22.50.18:662][  0]LocalizationService: Localization service is disabled
[2019.01.26-22.50.18:993][  0]LogFileCache: Scanning file cache for directory 'C:/Users/carlf/Documents/GitHub/CAF_AssetPipeline/CAF_WhiteBox/Content/' took 0.03s
[2019.01.26-22.50.18:993][  0]LogCook: Display: Max memory allowance for cook 16384mb min free memory 0mb
[2019.01.26-22.50.18:993][  0]LogCook: Display: Mobile HDR setting 1
[2019.01.26-22.50.18:994][  0]LogGameplayTags: Display: UGameplayTagsManager::DoneAddingNativeTags. DelegateIsBound: 0
[2019.01.26-22.50.18:994][  0]LogStats: UGameplayTagsManager::ConstructGameplayTagTree: ImportINI prefixes -  0.000 s
[2019.01.26-22.50.18:994][  0]LogStats: UGameplayTagsManager::ConstructGameplayTagTree: Construct from data asset -  0.000 s
[2019.01.26-22.50.18:994][  0]LogStats: UGameplayTagsManager::ConstructGameplayTagTree: ImportINI -  0.000 s
[2019.01.26-22.50.18:994][  0]LogStats: UGameplayTagsManager::ConstructGameplayTagTree: GameplayTagTreeChangedEvent.Broadcast -  0.000 s
[2019.01.26-22.50.19:104][  0]SourceControl: Source control is disabled
[2019.01.26-22.50.19:104][  0]Cmd: MAP LOAD FILE="../../../Engine/Content/Maps/Templates/Template_Default.umap" TEMPLATE=1 SHOWPROGRESS=1 FEATURELEVEL=3
[2019.01.26-22.50.19:105][  0]LightingResults: New page: Lighting Build
[2019.01.26-22.50.19:107][  0]MapCheck: New page: Map Check
[2019.01.26-22.50.19:107][  0]LightingResults: New page: Lighting Build
[2019.01.26-22.50.19:313][  0]LogAIModule: Creating AISystem for world Untitled_1
[2019.01.26-22.50.19:320][  0]LogEditorServer: Finished looking for orphan Actors (0.000 secs)
[2019.01.26-22.50.19:343][  0]Cmd: MAP CHECKDEP NOCLEARLOG
[2019.01.26-22.50.19:418][  0]MapCheck: Map check complete: 0 Error(s), 0 Warning(s), took 74.955ms to complete.
[2019.01.26-22.50.19:418][  0]LogFileHelpers: Loading map 'Template_Default' took 0.314
[2019.01.26-22.50.20:037][  0]LogSlate: Updating window title bar state: overlay mode, drag disabled, window buttons hidden, title bar hidden
[2019.01.26-22.50.20:048][  0]LogSlate: Updating window title bar state: overlay mode, drag disabled, window buttons hidden, title bar hidden
[2019.01.26-22.50.20:056][  0]LogSlate: Updating window title bar state: overlay mode, drag disabled, window buttons hidden, title bar hidden
[2019.01.26-22.50.20:064][  0]LogSlate: Updating window title bar state: overlay mode, drag disabled, window buttons hidden, title bar hidden
[2019.01.26-22.50.20:133][  0]LogCollectionManager: Loaded 0 collections in 0.001342 seconds
[2019.01.26-22.50.20:291][  0]LogFileCache: Scanning file cache for directory 'C:/Users/carlf/Documents/GitHub/CAF_AssetPipeline/CAF_WhiteBox/Saved/Collections/' took 0.01s
[2019.01.26-22.50.20:291][  0]LogFileCache: Scanning file cache for directory 'C:/Users/carlf/Documents/GitHub/CAF_AssetPipeline/CAF_WhiteBox/Content/Developers/carlf/Collections/' took 0.01s
[2019.01.26-22.50.20:291][  0]LogFileCache: Scanning file cache for directory 'C:/Users/carlf/Documents/GitHub/CAF_AssetPipeline/CAF_WhiteBox/Content/Collections/' took 0.01s
[2019.01.26-22.50.20:291][  0]LogCollectionManager: Rebuilt the GUID cache for 0 collections in 0.000000 seconds
[2019.01.26-22.50.20:304][  0]LogContentBrowser: Native class hierarchy populated in 0.0113 seconds. Added 2572 classes and 603 folders.
[2019.01.26-22.50.20:342][  0]LogContentBrowser: Native class hierarchy updated for 'WidgetCarousel' in 0.0003 seconds. Added 0 classes and 0 folders.
[2019.01.26-22.50.20:561][  0]LogContentBrowser: Native class hierarchy updated for 'AddContentDialog' in 0.0003 seconds. Added 0 classes and 0 folders.
[2019.01.26-22.50.20:628][  0]LogContentBrowser: Native class hierarchy updated for 'SceneOutliner' in 0.0003 seconds. Added 1 classes and 2 folders.
[2019.01.26-22.50.20:774][  0]LogSlate: Took 0.000217 seconds to synchronously load lazily loaded font '../../../Engine/Content/Slate/Fonts/Roboto-Regular.ttf' (155K)
[2019.01.26-22.50.20:777][  0]LogSlate: Took 0.000206 seconds to synchronously load lazily loaded font '../../../Engine/Content/Slate/Fonts/Roboto-Bold.ttf' (160K)
[2019.01.26-22.50.20:806][  0]LogSlate: Took 0.017800 seconds to synchronously load lazily loaded font '../../../Engine/Content/Editor/Slate/Fonts/FontAwesome.ttf' (139K)
[2019.01.26-22.50.21:106][  0]LogRenderer: Reallocating scene render targets to support 1208x576 Format 10 NumSamples 1 (Frame:1).
[2019.01.26-22.50.21:349][  0]LogSlate: FSceneViewport::OnFocusLost() reason 2
[2019.01.26-22.50.21:466][  0]LogSlate: Window 'Tutorials' being destroyed
[2019.01.26-22.50.21:495][  0]LogContentBrowser: Native class hierarchy updated for 'HierarchicalLODOutliner' in 0.0003 seconds. Added 0 classes and 0 folders.
[2019.01.26-22.50.21:495][  0]LogLoad: (Engine Initialization) Total time: 15.25 seconds
[2019.01.26-22.50.21:495][  0]LogLoad: (Engine Initialization) Total Blueprint compile time: 0.00 seconds
[2019.01.26-22.50.21:577][  0]LogContentStreaming: Texture pool size now 1000 MB
[2019.01.26-22.50.21:688][  0]LogSlate: Took 0.040042 seconds to synchronously load lazily loaded font '../../../Engine/Content/Slate/Fonts/Roboto-Light.ttf' (167K)
[2019.01.26-22.50.21:713][  1]LogFileCache: Retrieving MD5 hashes for directory 'C:/Users/carlf/Documents/GitHub/CAF_AssetPipeline/CAF_WhiteBox/Content/' took 0.19s
[2019.01.26-22.50.21:732][  1]LogAssetRegistry: Asset discovery search completed in 10.7691 seconds
[2019.01.26-22.50.21:734][  1]LogCollectionManager: Rebuilt the object cache for 0 collections in 0.000000 seconds (found 0 objects)
[2019.01.26-22.50.21:734][  1]LogCollectionManager: Fixed up redirectors for 0 collections in 0.000051 seconds (updated 0 objects)
[2019.01.26-22.50.24:570][131]LogSlate: Took 0.000324 seconds to synchronously load lazily loaded font '../../../Engine/Content/Slate/Fonts/Roboto-Light.ttf' (167K)
[2019.01.26-22.50.25:189][194]LogSlate: FSceneViewport::OnFocusLost() reason 0
[2019.01.26-22.56.52:977][ 56]LogMaterial: Display: Missing cached shader map for material M_WhiteBox_CAF, compiling. 
[2019.01.26-22.56.53:154][ 56]LogShaderCompilers: Display: Shaders left to compile 22
[2019.01.26-22.56.53:154][ 56]LogShaderCompilers: Display: Shaders left to compile 12
[2019.01.26-22.56.53:154][ 56]LogShaderCompilers: Display: Shaders left to compile 2
[2019.01.26-22.56.53:272][ 56]LogAIModule: Creating AISystem for world CAF_Block
[2019.01.26-22.56.53:325][ 56]LogAssetEditorManager: Opening Asset editor for World /Game/CAF_Block.CAF_Block
[2019.01.26-22.56.53:375][ 56]Cmd: MAP LOAD FILE="C:/Users/carlf/Documents/GitHub/CAF_AssetPipeline/CAF_WhiteBox/Content/CAF_Block.umap" TEMPLATE=0 SHOWPROGRESS=1 FEATURELEVEL=3
[2019.01.26-22.56.53:375][ 56]LightingResults: New page: Lighting Build
[2019.01.26-22.56.53:376][ 56]LoadErrors: New page: Loading map: CAF_Block.umap
[2019.01.26-22.56.53:377][ 56]MapCheck: New page: Map Check
[2019.01.26-22.56.53:377][ 56]LightingResults: New page: Lighting Build
[2019.01.26-22.56.53:512][ 56]LogEditorServer: Finished looking for orphan Actors (0.000 secs)
[2019.01.26-22.56.53:586][ 56]Cmd: MAP CHECKDEP NOCLEARLOG
[2019.01.26-22.56.53:660][ 56]MapCheck: Map check complete: 0 Error(s), 0 Warning(s), took 73.858ms to complete.
[2019.01.26-22.56.53:660][ 56]LogFileHelpers: Loading map 'CAF_Block' took 0.286
[2019.01.26-22.57.01:446][905]AssetReimport: New page: Outstanding source content changes 8:57:01 AM
[2019.01.26-22.57.01:546][906]LogStaticMesh: Building static mesh mann...
[2019.01.26-22.57.01:780][906]LogStaticMesh: Built static mesh [0.24s] /Game/mann.mann
[2019.01.26-22.57.01:941][906]LogEditorFactories: Performing atomic reimport of [C:/Users/carlf/Documents/GitHub/CAF_AssetPipeline/CAF_WhiteBox/Content/mann.obj]
[2019.01.26-22.57.02:007][906]LogFbx: Loading FBX Scene from C:/Users/carlf/Documents/GitHub/CAF_AssetPipeline/CAF_WhiteBox/Content/mann.obj
[2019.01.26-22.57.02:166][906]LogFbx: FBX Scene Loaded Succesfully
[2019.01.26-22.57.03:366][906]LogStaticMesh: Building static mesh mann...
[2019.01.26-22.57.03:517][906]LogStaticMesh: Built static mesh [0.15s] /Game/mann.mann
[2019.01.26-22.57.03:585][906]LogEditorFactories: -- imported successfully
[2019.01.26-22.57.03:785][907]Cmd: OBJ SAVEPACKAGE PACKAGE="/Game/mann" FILE="C:/Users/carlf/Documents/GitHub/CAF_AssetPipeline/CAF_WhiteBox/Content/mann.uasset" SILENT=true
[2019.01.26-22.57.03:900][907]LogSavePackage: Moving 'C:/Users/carlf/Documents/GitHub/CAF_AssetPipeline/CAF_WhiteBox/Saved/mannC3CD2FA140EF8D1C552BF8BD0D392147.tmp' to 'C:/Users/carlf/Documents/GitHub/CAF_AssetPipeline/CAF_WhiteBox/Content/mann.uasset'
[2019.01.26-22.57.07:055][237]AssetReimport: Reimported asset mann from C:/Users/carlf/Documents/GitHub/CAF_AssetPipeline/CAF_WhiteBox/Content/mann.obj.
[2019.01.26-23.07.30:612][ 65]LogEditorViewport: Clicking on Actor (context menu): BP_Sky_Sphere_C (Sky Sphere)
[2019.01.26-23.07.31:165][ 65]LogSlate: FSceneViewport::OnFocusLost() reason 2
[2019.01.26-23.07.31:193][ 65]LogEditorViewport: Clicking on Actor (LMB): BP_Sky_Sphere_C (Sky Sphere)
[2019.01.26-23.09.55:804][263]LogSlate: Took 0.029868 seconds to synchronously load lazily loaded font '../../../Engine/Content/Slate/Fonts/Roboto-Italic.ttf' (157K)
[2019.01.26-23.09.57:005][266]LogEditorViewport: Clicking on Actor (LMB): BP_Sky_Sphere_C (Sky Sphere)
[2019.01.26-23.10.05:023][160]LogSlate: FSceneViewport::OnFocusLost() reason 0
[2019.01.26-23.10.05:113][164]LogActorFactory: Actor Factory created Cube
[2019.01.26-23.10.05:809][222]LogActorFactory: Actor Factory created Cube
[2019.01.26-23.10.39:760][699]Cmd: OBJ SAVEPACKAGE PACKAGE="/Game/CAF_Block" FILE="C:/Users/carlf/Documents/GitHub/CAF_AssetPipeline/CAF_WhiteBox/Saved/Autosaves/Game/CAF_Block_Auto1.umap" SILENT=true AUTOSAVING=true KEEPDIRTY=false
[2019.01.26-23.10.40:410][699]LogSavePackage: Moving 'C:/Users/carlf/Documents/GitHub/CAF_AssetPipeline/CAF_WhiteBox/Saved/CAF_Block_Auto18EBCC5124F296E8BC7F21D89943E4402.tmp' to 'C:/Users/carlf/Documents/GitHub/CAF_AssetPipeline/CAF_WhiteBox/Saved/Autosaves/Game/CAF_Block_Auto1.umap'
[2019.01.26-23.10.40:417][699]LogFileHelpers: Editor autosave (incl. sublevels) for '/Game/CAF_Block' took 0.712
[2019.01.26-23.10.40:417][699]LogFileHelpers: Editor autosave (incl. sublevels) for all levels took 0.712
[2019.01.26-23.12.03:635][949]LogSlate: FSceneViewport::OnFocusLost() reason 0
[2019.01.26-23.12.08:817][502]LogEditorViewport: Clicking on Actor (LMB): StaticMeshActor (Cube)
[2019.01.26-23.13.37:895][270]LogSlate: FSceneViewport::OnFocusLost() reason 0
[2019.01.26-23.13.39:370][426]LogEditorViewport: Clicking on Actor (LMB): StaticMeshActor (Cube)
[2019.01.26-23.13.42:985][843]LogEditorViewport: Clicking on Actor (LMB): StaticMeshActor (Cube)
[2019.01.26-23.13.43:931][954]Cmd: DELETE
[2019.01.26-23.13.43:931][954]Cmd: ACTOR DELETE
[2019.01.26-23.13.44:124][954]LogEditorActor: Deleted Actor: StaticMeshActor
[2019.01.26-23.13.44:145][954]LogEditorActor: Deleted 1 Actors (0.073 secs)
[2019.01.26-23.13.44:920][ 42]LogSlate: FSceneViewport::OnFocusLost() reason 0
[2019.01.26-23.13.47:397][310]Cmd: BRUSH ADD SELECTNEWBRUSH
[2019.01.26-23.13.52:075][848]Cmd: DELETE
[2019.01.26-23.13.52:075][848]Cmd: ACTOR DELETE
[2019.01.26-23.13.52:089][848]LogEditorActor: Deleted Actor: Brush
[2019.01.26-23.13.52:271][848]LogEditorActor: Deleted 1 Actors (0.196 secs)
[2019.01.26-23.13.53:460][974]LogSlate: FSceneViewport::OnFocusLost() reason 0
[2019.01.26-23.13.55:106][128]Cmd: BRUSH ADD SELECTNEWBRUSH
[2019.01.26-23.15.59:877][720]Cmd: TRANSACTION UNDO
[2019.01.26-23.15.59:877][720]LogEditorTransaction: Undo Move Actors
[2019.01.26-23.16.00:027][720]LogActorComponent: ~FComponentReregisterContext: (/Game/CAF_Block.CAF_Block:PersistentLevel.Brush_ST_157.BrushComponent0) Component already registered.
[2019.01.26-23.16.00:028][720]LogActorComponent: ~FComponentReregisterContext: (/Game/CAF_Block.CAF_Block:PersistentLevel.Brush_ST_89.BrushComponent0) Component already registered.
[2019.01.26-23.16.00:028][720]LogActorComponent: ~FComponentReregisterContext: (/Game/CAF_Block.CAF_Block:PersistentLevel.Brush_ST_182.BrushComponent0) Component already registered.
[2019.01.26-23.16.00:028][720]LogActorComponent: ~FComponentReregisterContext: (/Game/CAF_Block.CAF_Block:PersistentLevel.Brush_ST_176.BrushComponent0) Component already registered.
[2019.01.26-23.16.00:028][720]LogActorComponent: ~FComponentReregisterContext: (/Game/CAF_Block.CAF_Block:PersistentLevel.Brush_ST_184.BrushComponent0) Component already registered.
[2019.01.26-23.16.00:029][720]LogActorComponent: ~FComponentReregisterContext: (/Game/CAF_Block.CAF_Block:PersistentLevel.Brush_ST_71.BrushComponent0) Component already registered.
[2019.01.26-23.16.00:029][720]LogActorComponent: ~FComponentReregisterContext: (/Game/CAF_Block.CAF_Block:PersistentLevel.Brush_ST_84.BrushComponent0) Component already registered.
[2019.01.26-23.16.00:030][720]LogActorComponent: ~FComponentReregisterContext: (/Game/CAF_Block.CAF_Block:PersistentLevel.Brush_ST_22.BrushComponent0) Component already registered.
[2019.01.26-23.16.00:031][720]LogActorComponent: ~FComponentReregisterContext: (/Game/CAF_Block.CAF_Block:PersistentLevel.Brush_ST_239.BrushComponent0) Component already registered.
[2019.01.26-23.16.00:031][720]LogActorComponent: ~FComponentReregisterContext: (/Game/CAF_Block.CAF_Block:PersistentLevel.Brush_ST_134.BrushComponent0) Component already registered.
[2019.01.26-23.16.00:032][720]LogActorComponent: ~FComponentReregisterContext: (/Game/CAF_Block.CAF_Block:PersistentLevel.Brush_ST_128.BrushComponent0) Component already registered.
[2019.01.26-23.16.00:033][720]LogActorComponent: ~FComponentReregisterContext: (/Game/CAF_Block.CAF_Block:PersistentLevel.Brush_ST_202.BrushComponent0) Component already registered.
[2019.01.26-23.16.00:033][720]LogActorComponent: ~FComponentReregisterContext: (/Game/CAF_Block.CAF_Block:PersistentLevel.Brush_ST_123.BrushComponent0) Component already registered.
[2019.01.26-23.16.00:035][720]LogActorComponent: ~FComponentReregisterContext: (/Game/CAF_Block.CAF_Block:PersistentLevel.Brush_ST_17.BrushComponent0) Component already registered.
[2019.01.26-23.16.00:036][720]LogActorComponent: ~FComponentReregisterContext: (/Game/CAF_Block.CAF_Block:PersistentLevel.Brush_ST_36.BrushComponent0) Component already registered.
[2019.01.26-23.16.00:045][720]LogActorComponent: ~FComponentReregisterContext: (/Game/CAF_Block.CAF_Block:PersistentLevel.Brush_ST_12.BrushComponent0) Component already registered.
[2019.01.26-23.16.00:045][720]LogActorComponent: ~FComponentReregisterContext: (/Game/CAF_Block.CAF_Block:PersistentLevel.Brush_ST_6.BrushComponent0) Component already registered.
[2019.01.26-23.16.00:046][720]LogActorComponent: ~FComponentReregisterContext: (/Game/CAF_Block.CAF_Block:PersistentLevel.Brush_ST_55.BrushComponent0) Component already registered.
[2019.01.26-23.16.00:046][720]LogActorComponent: ~FComponentReregisterContext: (/Game/CAF_Block.CAF_Block:PersistentLevel.Brush_ST_64.BrushComponent0) Component already registered.
[2019.01.26-23.16.00:046][720]LogActorComponent: ~FComponentReregisterContext: (/Game/CAF_Block.CAF_Block:PersistentLevel.Brush_ST_76.BrushComponent0) Component already registered.
[2019.01.26-23.16.00:047][720]LogActorComponent: ~FComponentReregisterContext: (/Game/CAF_Block.CAF_Block:PersistentLevel.BoxBrush5.BrushComponent0) Component already registered.
[2019.01.26-23.16.00:047][720]LogActorComponent: ~FComponentReregisterContext: (/Game/CAF_Block.CAF_Block:PersistentLevel.Brush_Swalk_3.BrushComponent0) Component already registered.
[2019.01.26-23.16.00:047][720]LogActorComponent: ~FComponentReregisterContext: (/Game/CAF_Block.CAF_Block:PersistentLevel.Brush_ST_21.BrushComponent0) Component already registered.
[2019.01.26-23.16.00:048][720]LogActorComponent: ~FComponentReregisterContext: (/Game/CAF_Block.CAF_Block:PersistentLevel.Brush_ST_45.BrushComponent0) Component already registered.
[2019.01.26-23.16.00:048][720]LogActorComponent: ~FComponentReregisterContext: (/Game/CAF_Block.CAF_Block:PersistentLevel.Brush_ST_406.BrushComponent0) Component already registered.
[2019.01.26-23.16.00:049][720]LogActorComponent: ~FComponentReregisterContext: (/Game/CAF_Block.CAF_Block:PersistentLevel.Brush_ST_247.BrushComponent0) Component already registered.
[2019.01.26-23.16.00:049][720]LogActorComponent: ~FComponentReregisterContext: (/Game/CAF_Block.CAF_Block:PersistentLevel.Brush_ST_407.BrushComponent0) Component already registered.
[2019.01.26-23.16.00:049][720]LogActorComponent: ~FComponentReregisterContext: (/Game/CAF_Block.CAF_Block:PersistentLevel.Brush_ST_219.BrushComponent0) Component already registered.
[2019.01.26-23.16.00:050][720]LogActorComponent: ~FComponentReregisterContext: (/Game/CAF_Block.CAF_Block:PersistentLevel.Brush_ST_214.BrushComponent0) Component already registered.
[2019.01.26-23.16.00:051][720]LogActorComponent: ~FComponentReregisterContext: (/Game/CAF_Block.CAF_Block:PersistentLevel.Brush_ST_402.BrushComponent0) Component already registered.
[2019.01.26-23.16.00:051][720]LogActorComponent: ~FComponentReregisterContext: (/Game/CAF_Block.CAF_Block:PersistentLevel.Brush_ST_225.BrushComponent0) Component already registered.
[2019.01.26-23.16.00:052][720]LogActorComponent: ~FComponentReregisterContext: (/Game/CAF_Block.CAF_Block:PersistentLevel.Brush_ST_276.BrushComponent0) Component already registered.
[2019.01.26-23.16.00:052][720]LogActorComponent: ~FComponentReregisterContext: (/Game/CAF_Block.CAF_Block:PersistentLevel.Brush_ST_272.BrushComponent0) Component already registered.
[2019.01.26-23.16.00:053][720]LogActorComponent: ~FComponentReregisterContext: (/Game/CAF_Block.CAF_Block:PersistentLevel.Brush_ST_287.BrushComponent0) Component already registered.
[2019.01.26-23.16.00:053][720]LogActorComponent: ~FComponentReregisterContext: (/Game/CAF_Block.CAF_Block:PersistentLevel.Brush_ST_281.BrushComponent0) Component already registered.
[2019.01.26-23.16.00:053][720]LogActorComponent: ~FComponentReregisterContext: (/Game/CAF_Block.CAF_Block:PersistentLevel.Brush_ST_258.BrushComponent0) Component already registered.
[2019.01.26-23.16.00:054][720]LogActorComponent: ~FComponentReregisterContext: (/Game/CAF_Block.CAF_Block:PersistentLevel.Brush_ST_252.BrushComponent0) Component already registered.
[2019.01.26-23.16.00:054][720]LogActorComponent: ~FComponentReregisterContext: (/Game/CAF_Block.CAF_Block:PersistentLevel.Brush_ST_260.BrushComponent0) Component already registered.
[2019.01.26-23.16.00:054][720]LogActorComponent: ~FComponentReregisterContext: (/Game/CAF_Block.CAF_Block:PersistentLevel.Brush_ST_264.BrushComponent0) Component already registered.
[2019.01.26-23.16.00:055][720]LogActorComponent: ~FComponentReregisterContext: (/Game/CAF_Block.CAF_Block:PersistentLevel.Brush_ST_290.BrushComponent0) Component already registered.
[2019.01.26-23.16.00:055][720]LogActorComponent: ~FComponentReregisterContext: (/Game/CAF_Block.CAF_Block:PersistentLevel.Brush_ST_171.BrushComponent0) Component already registered.
[2019.01.26-23.16.00:056][720]LogActorComponent: ~FComponentReregisterContext: (/Game/CAF_Block.CAF_Block:PersistentLevel.Brush_ST_142.BrushComponent0) Component already registered.
[2019.01.26-23.16.00:056][720]LogActorComponent: ~FComponentReregisterContext: (/Game/CAF_Block.CAF_Block:PersistentLevel.Brush_ST_151.BrushComponent0) Component already registered.
[2019.01.26-23.16.00:057][720]LogActorComponent: ~FComponentReregisterContext: (/Game/CAF_Block.CAF_Block:PersistentLevel.Brush_ST_146.BrushComponent0) Component already registered.
[2019.01.26-23.16.00:057][720]LogActorComponent: ~FComponentReregisterContext: (/Game/CAF_Block.CAF_Block:PersistentLevel.Brush_ST_197.BrushComponent0) Component already registered.
[2019.01.26-23.16.00:058][720]LogActorComponent: ~FComponentReregisterContext: (/Game/CAF_Block.CAF_Block:PersistentLevel.Brush_ST_398.BrushComponent0) Component already registered.
[2019.01.26-23.16.00:059][720]LogActorComponent: ~FComponentReregisterContext: (/Game/CAF_Block.CAF_Block:PersistentLevel.Brush_ST_340.BrushComponent0) Component already registered.
[2019.01.26-23.16.00:060][720]LogActorComponent: ~FComponentReregisterContext: (/Game/CAF_Block.CAF_Block:PersistentLevel.Brush_ST_336.BrushComponent0) Component already registered.
[2019.01.26-23.16.00:060][720]LogActorComponent: ~FComponentReregisterContext: (/Game/CAF_Block.CAF_Block:PersistentLevel.Brush_ST_191.BrushComponent0) Component already registered.
[2019.01.26-23.16.00:060][720]LogActorComponent: ~FComponentReregisterContext: (/Game/CAF_Block.CAF_Block:PersistentLevel.Brush_ST_345.BrushComponent0) Component already registered.
[2019.01.26-23.16.02:944][ 31]Cmd: DELETE
[2019.01.26-23.16.02:944][ 31]Cmd: ACTOR DELETE
[2019.01.26-23.16.02:959][ 31]LogEditorActor: Deleted Actor: Brush
[2019.01.26-23.16.03:142][ 31]LogEditorActor: Deleted 1 Actors (0.198 secs)
[2019.01.26-23.16.05:371][267]LogSlate: FSceneViewport::OnFocusLost() reason 0
[2019.01.26-23.16.06:406][368]Cmd: BRUSH ADD SELECTNEWBRUSH
[2019.01.26-23.16.08:283][573]Cmd: TRANSACTION UNDO
[2019.01.26-23.16.08:283][573]LogEditorTransaction: Undo Brush Add
[2019.01.26-23.16.09:205][664]LogSlate: FSceneViewport::OnFocusLost() reason 0
[2019.01.26-23.16.18:193][569]Cmd: BRUSH ADD SELECTNEWBRUSH
[2019.01.26-23.16.19:379][695]LogSlate: FSceneViewport::OnFocusLost() reason 0
[2019.01.26-23.20.40:698][648]Cmd: OBJ SAVEPACKAGE PACKAGE="/Game/CAF_Block" FILE="C:/Users/carlf/Documents/GitHub/CAF_AssetPipeline/CAF_WhiteBox/Saved/Autosaves/Game/CAF_Block_Auto2.umap" SILENT=true AUTOSAVING=true KEEPDIRTY=false
[2019.01.26-23.20.41:404][648]LogSavePackage: Moving 'C:/Users/carlf/Documents/GitHub/CAF_AssetPipeline/CAF_WhiteBox/Saved/CAF_Block_Auto2A8B27C314E3A354B7388B9A7251837B9.tmp' to 'C:/Users/carlf/Documents/GitHub/CAF_AssetPipeline/CAF_WhiteBox/Saved/Autosaves/Game/CAF_Block_Auto2.umap'
[2019.01.26-23.20.41:409][648]LogFileHelpers: Editor autosave (incl. sublevels) for '/Game/CAF_Block' took 0.764
[2019.01.26-23.20.41:410][648]LogFileHelpers: Editor autosave (incl. sublevels) for all levels took 0.764
[2019.01.26-23.21.37:864][  8]Cmd: DELETE
[2019.01.26-23.21.37:864][  8]Cmd: ACTOR DELETE
[2019.01.26-23.21.37:879][  8]LogEditorActor: Deleted Actor: Brush
[2019.01.26-23.21.38:062][  8]LogEditorActor: Deleted 1 Actors (0.198 secs)
[2019.01.26-23.21.39:194][129]LogSlate: FSceneViewport::OnFocusLost() reason 0
[2019.01.26-23.21.40:051][183]Cmd: BRUSH ADD SELECTNEWBRUSH
[2019.01.26-23.21.44:358][609]LogSlate: FSceneViewport::OnFocusLost() reason 0
[2019.01.26-23.22.30:347][122]LogSlate: FSceneViewport::OnFocusLost() reason 0
[2019.01.26-23.23.01:774][553]Cmd: DELETE
[2019.01.26-23.23.01:774][553]Cmd: ACTOR DELETE
[2019.01.26-23.23.01:794][553]LogEditorActor: Deleted Actor: Brush
[2019.01.26-23.23.01:996][553]LogEditorActor: Deleted 1 Actors (0.222 secs)
[2019.01.26-23.30.41:701][697]Cmd: OBJ SAVEPACKAGE PACKAGE="/Game/CAF_Block" FILE="C:/Users/carlf/Documents/GitHub/CAF_AssetPipeline/CAF_WhiteBox/Saved/Autosaves/Game/CAF_Block_Auto3.umap" SILENT=true AUTOSAVING=true KEEPDIRTY=false
[2019.01.26-23.30.42:483][697]LogSavePackage: Moving 'C:/Users/carlf/Documents/GitHub/CAF_AssetPipeline/CAF_WhiteBox/Saved/CAF_Block_Auto39224E455444DF7D3D2853DA56DA115E0.tmp' to 'C:/Users/carlf/Documents/GitHub/CAF_AssetPipeline/CAF_WhiteBox/Saved/Autosaves/Game/CAF_Block_Auto3.umap'
[2019.01.26-23.30.42:487][697]LogFileHelpers: Editor autosave (incl. sublevels) for '/Game/CAF_Block' took 0.816
[2019.01.26-23.30.42:487][697]LogFileHelpers: Editor autosave (incl. sublevels) for all levels took 0.816
[2019.01.26-23.36.54:279][  1]LogEditorViewport: Clicking on Actor (LMB): BP_Sky_Sphere_C (Sky Sphere)
[2019.01.26-23.38.46:556][269]LogSlate: FSceneViewport::OnFocusLost() reason 0
[2019.01.26-23.38.47:288][316]Cmd: BRUSH ADD SELECTNEWBRUSH
[2019.01.26-23.38.51:621][800]LogSlate: FSceneViewport::OnFocusLost() reason 0
[2019.01.26-23.39.18:567][514]LogSlate: FSceneViewport::OnFocusLost() reason 2
[2019.01.26-23.39.19:652][633]LogSlate: FSceneViewport::OnFocusLost() reason 2
[2019.01.26-23.39.22:066][916]LogEditorViewport: Clicking on Actor (LMB): Brush (Box Brush7)
[2019.01.26-23.39.22:441][956]Cmd: DUPLICATE
[2019.01.26-23.39.22:441][956]Cmd: ACTOR DUPLICATE
[2019.01.26-23.39.31:068][765]LogEditorViewport: Clicking on Actor (LMB): BP_Sky_Sphere_C (Sky Sphere)
[2019.01.26-23.39.33:891][ 92]Cmd: DUPLICATE
[2019.01.26-23.39.33:891][ 92]Cmd: ACTOR DUPLICATE
[2019.01.26-23.39.49:952][602]LogSlate: FSceneViewport::OnFocusLost() reason 0
[2019.01.26-23.39.58:013][457]LogEditorViewport: Clicking on Actor (LMB): BP_Sky_Sphere_C (Sky Sphere)
[2019.01.26-23.40.34:175][623]Cmd: TRANSACTION UNDO
[2019.01.26-23.40.34:175][623]LogEditorTransaction: Undo Move Actors
[2019.01.26-23.40.34:305][623]LogActorComponent: ~FComponentReregisterContext: (/Game/CAF_Block.CAF_Block:PersistentLevel.Brush_ST_157.BrushComponent0) Component already registered.
[2019.01.26-23.40.34:306][623]LogActorComponent: ~FComponentReregisterContext: (/Game/CAF_Block.CAF_Block:PersistentLevel.Brush_ST_88.BrushComponent0) Component already registered.
[2019.01.26-23.40.34:306][623]LogActorComponent: ~FComponentReregisterContext: (/Game/CAF_Block.CAF_Block:PersistentLevel.Brush_ST_182.BrushComponent0) Component already registered.
[2019.01.26-23.40.34:306][623]LogActorComponent: ~FComponentReregisterContext: (/Game/CAF_Block.CAF_Block:PersistentLevel.Brush_ST_176.BrushComponent0) Component already registered.
[2019.01.26-23.40.34:307][623]LogActorComponent: ~FComponentReregisterContext: (/Game/CAF_Block.CAF_Block:PersistentLevel.Brush_ST_184.BrushComponent0) Component already registered.
[2019.01.26-23.40.34:307][623]LogActorComponent: ~FComponentReregisterContext: (/Game/CAF_Block.CAF_Block:PersistentLevel.Brush_ST_91.BrushComponent0) Component already registered.
[2019.01.26-23.40.34:307][623]LogActorComponent: ~FComponentReregisterContext: (/Game/CAF_Block.CAF_Block:PersistentLevel.Brush_ST_83.BrushComponent0) Component already registered.
[2019.01.26-23.40.34:308][623]LogActorComponent: ~FComponentReregisterContext: (/Game/CAF_Block.CAF_Block:PersistentLevel.Brush_ST_79.BrushComponent0) Component already registered.
[2019.01.26-23.40.34:308][623]LogActorComponent: ~FComponentReregisterContext: (/Game/CAF_Block.CAF_Block:PersistentLevel.Brush_ST_22.BrushComponent0) Component already registered.
[2019.01.26-23.40.34:308][623]LogActorComponent: ~FComponentReregisterContext: (/Game/CAF_Block.CAF_Block:PersistentLevel.Brush_ST_24.BrushComponent0) Component already registered.
[2019.01.26-23.40.34:309][623]LogActorComponent: ~FComponentReregisterContext: (/Game/CAF_Block.CAF_Block:PersistentLevel.Brush_ST_132.BrushComponent0) Component already registered.
[2019.01.26-23.40.34:310][623]LogActorComponent: ~FComponentReregisterContext: (/Game/CAF_Block.CAF_Block:PersistentLevel.Brush_ST_127.BrushComponent0) Component already registered.
[2019.01.26-23.40.34:311][623]LogActorComponent: ~FComponentReregisterContext: (/Game/CAF_Block.CAF_Block:PersistentLevel.Brush_ST_207.BrushComponent0) Component already registered.
[2019.01.26-23.40.34:311][623]LogActorComponent: ~FComponentReregisterContext: (/Game/CAF_Block.CAF_Block:PersistentLevel.Brush_ST_202.BrushComponent0) Component already registered.
[2019.01.26-23.40.34:312][623]LogActorComponent: ~FComponentReregisterContext: (/Game/CAF_Block.CAF_Block:PersistentLevel.Brush_ST_123.BrushComponent0) Component already registered.
[2019.01.26-23.40.34:313][623]LogActorComponent: ~FComponentReregisterContext: (/Game/CAF_Block.CAF_Block:PersistentLevel.CylinderBrush4.BrushComponent0) Component already registered.
[2019.01.26-23.40.34:314][623]LogActorComponent: ~FComponentReregisterContext: (/Game/CAF_Block.CAF_Block:PersistentLevel.Brush_ST_15.BrushComponent0) Component already registered.
[2019.01.26-23.40.34:324][623]LogActorComponent: ~FComponentReregisterContext: (/Game/CAF_Block.CAF_Block:PersistentLevel.Brush_ST_10.BrushComponent0) Component already registered.
[2019.01.26-23.40.34:325][623]LogActorComponent: ~FComponentReregisterContext: (/Game/CAF_Block.CAF_Block:PersistentLevel.Brush_ST_4.BrushComponent0) Component already registered.
[2019.01.26-23.40.34:325][623]LogActorComponent: ~FComponentReregisterContext: (/Game/CAF_Block.CAF_Block:PersistentLevel.Brush_ST_55.BrushComponent0) Component already registered.
[2019.01.26-23.40.34:325][623]LogActorComponent: ~FComponentReregisterContext: (/Game/CAF_Block.CAF_Block:PersistentLevel.Brush_ST_59.BrushComponent0) Component already registered.
[2019.01.26-23.40.34:325][623]LogActorComponent: ~FComponentReregisterContext: (/Game/CAF_Block.CAF_Block:PersistentLevel.Brush_ST_74.BrushComponent0) Component already registered.
[2019.01.26-23.40.34:326][623]LogActorComponent: ~FComponentReregisterContext: (/Game/CAF_Block.CAF_Block:PersistentLevel.Brush_ST_66.BrushComponent0) Component already registered.
[2019.01.26-23.40.34:326][623]LogActorComponent: ~FComponentReregisterContext: (/Game/CAF_Block.CAF_Block:PersistentLevel.Brush_ST_60.BrushComponent0) Component already registered.
[2019.01.26-23.40.34:326][623]LogActorComponent: ~FComponentReregisterContext: (/Game/CAF_Block.CAF_Block:PersistentLevel.BoxBrush4.BrushComponent0) Component already registered.
[2019.01.26-23.40.34:327][623]LogActorComponent: ~FComponentReregisterContext: (/Game/CAF_Block.CAF_Block:PersistentLevel.Brush_ST_47.BrushComponent0) Component already registered.
[2019.01.26-23.40.34:327][623]LogActorComponent: ~FComponentReregisterContext: (/Game/CAF_Block.CAF_Block:PersistentLevel.Brush_ST_43.BrushComponent0) Component already registered.
[2019.01.26-23.40.34:328][623]LogActorComponent: ~FComponentReregisterContext: (/Game/CAF_Block.CAF_Block:PersistentLevel.Brush_ST_242.BrushComponent0) Component already registered.
[2019.01.26-23.40.34:329][623]LogActorComponent: ~FComponentReregisterContext: (/Game/CAF_Block.CAF_Block:PersistentLevel.Brush_ST_405.BrushComponent0) Component already registered.
[2019.01.26-23.40.34:330][623]LogActorComponent: ~FComponentReregisterContext: (/Game/CAF_Block.CAF_Block:PersistentLevel.Brush_ST_220.BrushComponent0) Component already registered.
[2019.01.26-23.40.34:330][623]LogActorComponent: ~FComponentReregisterContext: (/Game/CAF_Block.CAF_Block:PersistentLevel.Brush_ST_216.BrushComponent0) Component already registered.
[2019.01.26-23.40.34:331][623]LogActorComponent: ~FComponentReregisterContext: (/Game/CAF_Block.CAF_Block:PersistentLevel.Brush_ST_401.BrushComponent0) Component already registered.
[2019.01.26-23.40.34:331][623]LogActorComponent: ~FComponentReregisterContext: (/Game/CAF_Block.CAF_Block:PersistentLevel.Brush_ST_225.BrushComponent0) Component already registered.
[2019.01.26-23.40.34:332][623]LogActorComponent: ~FComponentReregisterContext: (/Game/CAF_Block.CAF_Block:PersistentLevel.Brush_ST_278.BrushComponent0) Component already registered.
[2019.01.26-23.40.34:332][623]LogActorComponent: ~FComponentReregisterContext: (/Game/CAF_Block.CAF_Block:PersistentLevel.Brush_ST_273.BrushComponent0) Component already registered.
[2019.01.26-23.40.34:333][623]LogActorComponent: ~FComponentReregisterContext: (/Game/CAF_Block.CAF_Block:PersistentLevel.Brush_ST_283.BrushComponent0) Component already registered.
[2019.01.26-23.40.34:334][623]LogActorComponent: ~FComponentReregisterContext: (/Game/CAF_Block.CAF_Block:PersistentLevel.Brush_ST_259.BrushComponent0) Component already registered.
[2019.01.26-23.40.34:334][623]LogActorComponent: ~FComponentReregisterContext: (/Game/CAF_Block.CAF_Block:PersistentLevel.Brush_ST_268.BrushComponent0) Component already registered.
[2019.01.26-23.40.34:334][623]LogActorComponent: ~FComponentReregisterContext: (/Game/CAF_Block.CAF_Block:PersistentLevel.Brush_ST_264.BrushComponent0) Component already registered.
[2019.01.26-23.40.34:335][623]LogActorComponent: ~FComponentReregisterContext: (/Game/CAF_Block.CAF_Block:PersistentLevel.Brush_ST_164.BrushComponent0) Component already registered.
[2019.01.26-23.40.34:335][623]LogActorComponent: ~FComponentReregisterContext: (/Game/CAF_Block.CAF_Block:PersistentLevel.Brush_ST_291.BrushComponent0) Component already registered.
[2019.01.26-23.40.34:335][623]LogActorComponent: ~FComponentReregisterContext: (/Game/CAF_Block.CAF_Block:PersistentLevel.Brush_ST_172.BrushComponent0) Component already registered.
[2019.01.26-23.40.34:336][623]LogActorComponent: ~FComponentReregisterContext: (/Game/CAF_Block.CAF_Block:PersistentLevel.Brush_ST_143.BrushComponent0) Component already registered.
[2019.01.26-23.40.34:336][623]LogActorComponent: ~FComponentReregisterContext: (/Game/CAF_Block.CAF_Block:PersistentLevel.Brush_ST_137.BrushComponent0) Component already registered.
[2019.01.26-23.40.34:336][623]LogActorComponent: ~FComponentReregisterContext: (/Game/CAF_Block.CAF_Block:PersistentLevel.Brush_ST_145.BrushComponent0) Component already registered.
[2019.01.26-23.40.34:337][623]LogActorComponent: ~FComponentReregisterContext: (/Game/CAF_Block.CAF_Block:PersistentLevel.Brush_ST_154.BrushComponent0) Component already registered.
[2019.01.26-23.40.34:338][623]LogActorComponent: ~FComponentReregisterContext: (/Game/CAF_Block.CAF_Block:PersistentLevel.Brush_ST_148.BrushComponent0) Component already registered.
[2019.01.26-23.40.34:338][623]LogActorComponent: ~FComponentReregisterContext: (/Game/CAF_Block.CAF_Block:PersistentLevel.Brush_ST_349.BrushComponent0) Component already registered.
[2019.01.26-23.40.34:339][623]LogActorComponent: ~FComponentReregisterContext: (/Game/CAF_Block.CAF_Block:PersistentLevel.Brush_ST_197.BrushComponent0) Component already registered.
[2019.01.26-23.40.34:340][623]LogActorComponent: ~FComponentReregisterContext: (/Game/CAF_Block.CAF_Block:PersistentLevel.Brush_ST_341.BrushComponent0) Component already registered.
[2019.01.26-23.40.34:340][623]LogActorComponent: ~FComponentReregisterContext: (/Game/CAF_Block.CAF_Block:PersistentLevel.Brush_ST_336.BrushComponent0) Component already registered.
[2019.01.26-23.40.34:341][623]LogActorComponent: ~FComponentReregisterContext: (/Game/CAF_Block.CAF_Block:PersistentLevel.Brush_ST_192.BrushComponent0) Component already registered.
[2019.01.26-23.40.34:341][623]LogActorComponent: ~FComponentReregisterContext: (/Game/CAF_Block.CAF_Block:PersistentLevel.Brush_ST_346.BrushComponent0) Component already registered.
[2019.01.26-23.40.35:212][707]Cmd: DUPLICATE
[2019.01.26-23.40.35:212][707]Cmd: ACTOR DUPLICATE
[2019.01.26-23.40.39:491][ 96]LogSlate: FSceneViewport::OnFocusLost() reason 0
[2019.01.26-23.41.04:759][ 75]Cmd: OBJ SAVEPACKAGE PACKAGE="/Game/CAF_Block" FILE="C:/Users/carlf/Documents/GitHub/CAF_AssetPipeline/CAF_WhiteBox/Saved/Autosaves/Game/CAF_Block_Auto4.umap" SILENT=true AUTOSAVING=true KEEPDIRTY=false
[2019.01.26-23.41.05:540][ 75]LogSavePackage: Moving 'C:/Users/carlf/Documents/GitHub/CAF_AssetPipeline/CAF_WhiteBox/Saved/CAF_Block_Auto484DC35764964B9C306FCE4A17CA0B4B5.tmp' to 'C:/Users/carlf/Documents/GitHub/CAF_AssetPipeline/CAF_WhiteBox/Saved/Autosaves/Game/CAF_Block_Auto4.umap'
[2019.01.26-23.41.05:547][ 75]LogFileHelpers: Editor autosave (incl. sublevels) for '/Game/CAF_Block' took 0.843
[2019.01.26-23.41.05:547][ 75]LogFileHelpers: Editor autosave (incl. sublevels) for all levels took 0.843
[2019.01.26-23.41.06:626][202]LogSlate: FSceneViewport::OnFocusLost() reason 0
[2019.01.26-23.41.16:882][224]LogEditorViewport: Clicking on Actor (LMB): BP_Sky_Sphere_C (Sky Sphere)
[2019.01.26-23.41.22:975][904]Cmd: DUPLICATE
[2019.01.26-23.41.22:975][904]Cmd: ACTOR DUPLICATE
[2019.01.26-23.41.24:639][ 43]LogSlate: FSceneViewport::OnFocusLost() reason 0
[2019.01.26-23.41.41:110][630]LogEditorViewport: Clicking on Actor (LMB): BP_Sky_Sphere_C (Sky Sphere)
[2019.01.26-23.41.53:007][897]LogEditorViewport: Clicking on Actor (LMB): BP_Sky_Sphere_C (Sky Sphere)
[2019.01.26-23.42.08:349][553]LogEditorViewport: Clicking on Actor (LMB): BP_Sky_Sphere_C (Sky Sphere)
[2019.01.26-23.42.17:353][465]LogEditorViewport: Clicking on Actor (LMB): BP_Sky_Sphere_C (Sky Sphere)
[2019.01.26-23.42.28:884][649]LogEditorViewport: Clicking on Actor (LMB): BP_Sky_Sphere_C (Sky Sphere)
[2019.01.26-23.42.35:134][306]LogEditorViewport: Clicking on Actor (LMB): BP_Sky_Sphere_C (Sky Sphere)
[2019.01.26-23.42.41:080][954]LogEditorViewport: Clicking on Actor (LMB): BP_Sky_Sphere_C (Sky Sphere)
[2019.01.26-23.44.02:185][ 88]Cmd: DUPLICATE
[2019.01.26-23.44.02:185][ 88]Cmd: ACTOR DUPLICATE
[2019.01.26-23.44.39:901][792]LogSlate: FSceneViewport::OnFocusLost() reason 0
[2019.01.26-23.44.52:831][152]Cmd: DUPLICATE
[2019.01.26-23.44.52:831][152]Cmd: ACTOR DUPLICATE
[2019.01.26-23.45.08:629][775]LogSlate: FSceneViewport::OnFocusLost() reason 0
[2019.01.26-23.45.11:849][121]LogEditorViewport: Clicking on Actor (LMB): BP_Sky_Sphere_C (Sky Sphere)
[2019.01.26-23.45.27:447][730]LogEditorViewport: Clicking on Actor (LMB): BP_Sky_Sphere_C (Sky Sphere)
[2019.01.26-23.45.33:753][381]LogEditorViewport: Clicking on Actor (LMB): BP_Sky_Sphere_C (Sky Sphere)
[2019.01.26-23.45.35:307][521]Cmd: DUPLICATE
[2019.01.26-23.45.35:307][521]Cmd: ACTOR DUPLICATE
[2019.01.26-23.45.49:535][972]LogEditorViewport: Clicking on Actor (LMB): BP_Sky_Sphere_C (Sky Sphere)
[2019.01.26-23.46.04:469][706]LogSlate: FSceneViewport::OnFocusLost() reason 2
[2019.01.26-23.46.08:544][137]LogEditorViewport: Clicking on Actor (LMB): BP_Sky_Sphere_C (Sky Sphere)
[2019.01.26-23.47.37:765][588]LogSlate: FSceneViewport::OnFocusLost() reason 0
[2019.01.26-23.48.07:048][507]Cmd: DUPLICATE
[2019.01.26-23.48.07:048][507]Cmd: ACTOR DUPLICATE
[2019.01.26-23.48.11:222][881]LogSlate: FSceneViewport::OnFocusLost() reason 0
[2019.01.26-23.49.38:433][755]LogEditorViewport: Clicking on Actor (LMB): BP_Sky_Sphere_C (Sky Sphere)
[2019.01.26-23.49.42:350][182]Cmd: DUPLICATE
[2019.01.26-23.49.42:350][182]Cmd: ACTOR DUPLICATE
[2019.01.26-23.50.02:110][106]LogEditorViewport: Clicking on Actor (LMB): BP_Sky_Sphere_C (Sky Sphere)
[2019.01.26-23.50.10:217][989]LogEditorViewport: Clicking on Actor (LMB): BP_Sky_Sphere_C (Sky Sphere)
[2019.01.26-23.51.05:427][546]LogSlate: FSceneViewport::OnFocusLost() reason 2
[2019.01.26-23.51.05:562][546]Cmd: OBJ SAVEPACKAGE PACKAGE="/Game/CAF_Block" FILE="C:/Users/carlf/Documents/GitHub/CAF_AssetPipeline/CAF_WhiteBox/Saved/Autosaves/Game/CAF_Block_Auto5.umap" SILENT=true AUTOSAVING=true KEEPDIRTY=false
[2019.01.26-23.51.06:323][546]LogSavePackage: Moving 'C:/Users/carlf/Documents/GitHub/CAF_AssetPipeline/CAF_WhiteBox/Saved/CAF_Block_Auto5CC2CAA464287829861A1249A30AF5FFE.tmp' to 'C:/Users/carlf/Documents/GitHub/CAF_AssetPipeline/CAF_WhiteBox/Saved/Autosaves/Game/CAF_Block_Auto5.umap'
[2019.01.26-23.51.06:330][546]LogFileHelpers: Editor autosave (incl. sublevels) for '/Game/CAF_Block' took 0.887
[2019.01.26-23.51.06:330][546]LogFileHelpers: Editor autosave (incl. sublevels) for all levels took 0.887
[2019.01.26-23.55.29:246][213]LogEditorViewport: Clicking on Actor (LMB): Brush (Box Brush15)
[2019.01.26-23.55.32:124][505]Cmd: EDIT COPY
[2019.01.26-23.55.33:340][643]Cmd: DUPLICATE
[2019.01.26-23.55.33:340][643]Cmd: ACTOR DUPLICATE
[2019.01.26-23.56.47:996][277]Cmd: DUPLICATE
[2019.01.26-23.56.47:996][277]Cmd: ACTOR DUPLICATE
[2019.01.26-23.57.00:870][594]Cmd: DUPLICATE
[2019.01.26-23.57.00:870][594]Cmd: ACTOR DUPLICATE
[2019.01.26-23.57.31:814][592]LogEditorViewport: Clicking on Actor (LMB): BP_Sky_Sphere_C (Sky Sphere)
[2019.01.27-00.00.23:539][118]LogEditorViewport: Clicking on Actor (LMB): BP_Sky_Sphere_C (Sky Sphere)
[2019.01.27-00.00.25:687][341]Cmd: DUPLICATE
[2019.01.27-00.00.25:687][341]Cmd: ACTOR DUPLICATE
[2019.01.27-00.00.49:395][715]Cmd: DUPLICATE
[2019.01.27-00.00.49:395][715]Cmd: ACTOR DUPLICATE
[2019.01.27-00.01.19:150][869]Cmd: DUPLICATE
[2019.01.27-00.01.19:150][869]Cmd: ACTOR DUPLICATE
[2019.01.27-00.01.38:881][754]LogEditorViewport: Clicking on Actor (LMB): BP_Sky_Sphere_C (Sky Sphere)
[2019.01.27-00.02.11:823][635]LogSlate: FSceneViewport::OnFocusLost() reason 2
[2019.01.27-00.02.11:951][635]Cmd: OBJ SAVEPACKAGE PACKAGE="/Game/CAF_Block" FILE="C:/Users/carlf/Documents/GitHub/CAF_AssetPipeline/CAF_WhiteBox/Saved/Autosaves/Game/CAF_Block_Auto6.umap" SILENT=true AUTOSAVING=true KEEPDIRTY=false
[2019.01.27-00.02.12:760][635]LogSavePackage: Moving 'C:/Users/carlf/Documents/GitHub/CAF_AssetPipeline/CAF_WhiteBox/Saved/CAF_Block_Auto6BDE953234C43ADB50448FE86AC191DB0.tmp' to 'C:/Users/carlf/Documents/GitHub/CAF_AssetPipeline/CAF_WhiteBox/Saved/Autosaves/Game/CAF_Block_Auto6.umap'
[2019.01.27-00.02.12:764][635]LogFileHelpers: Editor autosave (incl. sublevels) for '/Game/CAF_Block' took 0.926
[2019.01.27-00.02.12:764][635]LogFileHelpers: Editor autosave (incl. sublevels) for all levels took 0.926
[2019.01.27-00.04.02:996][116]LogEditorViewport: Clicking on Actor (LMB): BP_Sky_Sphere_C (Sky Sphere)
[2019.01.27-00.04.05:865][405]Cmd: DUPLICATE
[2019.01.27-00.04.05:865][405]Cmd: ACTOR DUPLICATE
[2019.01.27-00.04.21:658][826]LogEditorViewport: Clicking on Actor (LMB): BP_Sky_Sphere_C (Sky Sphere)
[2019.01.27-00.04.29:122][703]LogSlate: FSceneViewport::OnFocusLost() reason 0
[2019.01.27-00.04.30:245][775]Cmd: BRUSH ADD SELECTNEWBRUSH
[2019.01.27-00.04.32:075][979]Cmd: TRANSACTION UNDO
[2019.01.27-00.04.32:075][979]LogEditorTransaction: Undo Brush Add
[2019.01.27-00.04.32:922][ 38]LogSlate: FSceneViewport::OnFocusLost() reason 0
[2019.01.27-00.04.34:138][134]Cmd: BRUSH ADD SELECTNEWBRUSH
[2019.01.27-00.04.37:800][514]LogSlate: FSceneViewport::OnFocusLost() reason 0
[2019.01.27-00.04.49:046][771]LogEditorViewport: Clicking on Actor (LMB): Brush (Sphere Brush)
[2019.01.27-00.05.20:876][280]Cmd: DELETE
[2019.01.27-00.05.20:876][280]Cmd: ACTOR DELETE
[2019.01.27-00.05.20:912][280]LogEditorActor: Deleted Actor: Brush
[2019.01.27-00.05.21:161][280]LogEditorActor: Deleted 1 Actors (0.285 secs)
[2019.01.27-00.11.17:390][772]LogSlate: FSceneViewport::OnFocusLost() reason 2
[2019.01.27-00.11.17:402][772]Cmd: OBJ SAVEPACKAGE PACKAGE="/Game/CAF_Block" FILE="C:/Users/carlf/Documents/GitHub/CAF_AssetPipeline/CAF_WhiteBox/Content/CAF_Block.umap" SILENT=true AUTOSAVING=false KEEPDIRTY=false
[2019.01.27-00.11.18:338][772]LogSavePackage: Moving 'C:/Users/carlf/Documents/GitHub/CAF_AssetPipeline/CAF_WhiteBox/Saved/CAF_Block434B7DD548A8B8C908BB2199A940A1EF.tmp' to 'C:/Users/carlf/Documents/GitHub/CAF_AssetPipeline/CAF_WhiteBox/Content/CAF_Block.umap'
[2019.01.27-00.11.18:410][772]Cmd: OBJ SAVEPACKAGE PACKAGE="/Game/CAF_Block_BuiltData" FILE="C:/Users/carlf/Documents/GitHub/CAF_AssetPipeline/CAF_WhiteBox/Content/CAF_Block_BuiltData.uasset" SILENT=true
[2019.01.27-00.11.18:837][772]LogSavePackage: Moving 'C:/Users/carlf/Documents/GitHub/CAF_AssetPipeline/CAF_WhiteBox/Saved/CAF_Block_BuiltData28F1C58A443A65BDE6594B8A78E04785.tmp' to 'C:/Users/carlf/Documents/GitHub/CAF_AssetPipeline/CAF_WhiteBox/Content/CAF_Block_BuiltData.uasset'
[2019.01.27-00.11.21:055][ 31]LogEditorViewport: Clicking on Actor (LMB): BP_Sky_Sphere_C (Sky Sphere)
[2019.01.27-00.11.25:625][541]LogSlate: FSceneViewport::OnFocusLost() reason 2
[2019.01.27-00.11.39:020][916]LogSlate: FSceneViewport::OnFocusLost() reason 0
[2019.01.27-00.11.39:369][924]LogSlate: Window 'CAF_WhiteBox - Unreal Editor' being destroyed
[2019.01.27-00.11.39:374][924]LogWindowsTextInputMethodSystem: Display: IME system now deactivated.
[2019.01.27-00.11.39:826][925]Cmd: QUIT_EDITOR
[2019.01.27-00.11.39:932][925]LogExit: Preparing to exit.
[2019.01.27-00.11.40:496][925]LogExit: Editor shut down
[2019.01.27-00.11.40:499][925]LogExit: Transaction tracking system shut down
[2019.01.27-00.11.41:169][925]LogExit: Object subsystem successfully closed.
[2019.01.27-00.11.41:205][925]LogShaderCompilers: Display: Shaders left to compile 0
[2019.01.27-00.11.41:217][925]LogD3D11RHI: Shutdown
[2019.01.27-00.11.41:217][925]LogD3D11RHI: CleanupD3DDevice
[2019.01.27-00.11.41:249][925]LogD3D11RHI: ~FD3D11DynamicRHI
[2019.01.27-00.11.41:299][925]LogModuleManager: Shutting down and abandoning module MeshBuilder (614)
[2019.01.27-00.11.41:299][925]LogModuleManager: Shutting down and abandoning module HierarchicalLODOutliner (612)
[2019.01.27-00.11.41:299][925]LogModuleManager: Shutting down and abandoning module SceneOutliner (610)
[2019.01.27-00.11.41:299][925]LogModuleManager: Shutting down and abandoning module AddContentDialog (608)
[2019.01.27-00.11.41:307][925]LogModuleManager: Shutting down and abandoning module WidgetCarousel (607)
[2019.01.27-00.11.41:307][925]LogModuleManager: Shutting down and abandoning module EditorWidgets (604)
[2019.01.27-00.11.41:308][925]LogModuleManager: Shutting down and abandoning module CollectionManager (602)
[2019.01.27-00.11.41:308][925]LogModuleManager: Shutting down and abandoning module HierarchicalLODUtilities (600)
[2019.01.27-00.11.41:308][925]LogModuleManager: Shutting down and abandoning module StatsViewer (598)
[2019.01.27-00.11.41:308][925]LogModuleManager: Shutting down and abandoning module FoliageEdit (596)
[2019.01.27-00.11.41:308][925]LogModuleManager: Shutting down and abandoning module LandscapeEditor (594)
[2019.01.27-00.11.41:308][925]LogModuleManager: Shutting down and abandoning module MeshPaintMode (592)
[2019.01.27-00.11.41:308][925]LogModuleManager: Shutting down and abandoning module SceneDepthPickerMode (590)
[2019.01.27-00.11.41:308][925]LogModuleManager: Shutting down and abandoning module ActorPickerMode (588)
[2019.01.27-00.11.41:308][925]LogModuleManager: Shutting down and abandoning module GeometryMode (586)
[2019.01.27-00.11.41:308][925]LogModuleManager: Shutting down and abandoning module TextureAlignMode (584)
[2019.01.27-00.11.41:308][925]LogModuleManager: Shutting down and abandoning module BspMode (582)
[2019.01.27-00.11.41:308][925]LogModuleManager: Shutting down and abandoning module PIEPreviewDeviceProfileSelector (580)
[2019.01.27-00.11.41:308][925]LogModuleManager: Shutting down and abandoning module SequenceRecorderSections (578)
[2019.01.27-00.11.41:308][925]LogModuleManager: Shutting down and abandoning module AutomationWorker (576)
[2019.01.27-00.11.41:308][925]LogModuleManager: Shutting down and abandoning module AudioCaptureEditor (574)
[2019.01.27-00.11.41:309][925]LogModuleManager: Shutting down and abandoning module SequenceRecorder (573)
[2019.01.27-00.11.41:309][925]LogModuleManager: Shutting down and abandoning module MatineeToLevelSequence (570)
[2019.01.27-00.11.41:309][925]LogModuleManager: Shutting down and abandoning module LevelSequenceEditor (568)
[2019.01.27-00.11.41:309][925]LogModuleManager: Shutting down and abandoning module PlacementMode (567)
[2019.01.27-00.11.41:309][925]LogModuleManager: Shutting down and abandoning module MaterialEditor (566)
[2019.01.27-00.11.41:309][925]LogModuleManager: Shutting down and abandoning module WmfMediaFactory (562)
[2019.01.27-00.11.41:309][925]LogModuleManager: Shutting down and abandoning module WmfMediaEditor (560)
[2019.01.27-00.11.41:310][925]LogModuleManager: Shutting down and abandoning module MediaPlayerEditor (558)
[2019.01.27-00.11.41:310][925]LogModuleManager: Shutting down and abandoning module OpenExrWrapper (556)
[2019.01.27-00.11.41:310][925]LogModuleManager: Shutting down and abandoning module ImgMediaFactory (554)
[2019.01.27-00.11.41:310][925]LogModuleManager: Shutting down and abandoning module ImgMediaEditor (552)
[2019.01.27-00.11.41:310][925]LogModuleManager: Shutting down and abandoning module AvfMediaFactory (550)
[2019.01.27-00.11.41:310][925]LogModuleManager: Shutting down and abandoning module AvfMediaEditor (548)
[2019.01.27-00.11.41:310][925]LogModuleManager: Shutting down and abandoning module AndroidMediaFactory (546)
[2019.01.27-00.11.41:310][925]LogModuleManager: Shutting down and abandoning module AndroidMediaEditor (544)
[2019.01.27-00.11.41:310][925]LogModuleManager: Shutting down and abandoning module MagicLeapCameraPreviewFactory (542)
[2019.01.27-00.11.41:310][925]LogModuleManager: Shutting down and abandoning module MagicLeapMediaFactory (540)
[2019.01.27-00.11.41:310][925]LogModuleManager: Shutting down and abandoning module MagicLeapMediaEditor (538)
[2019.01.27-00.11.41:311][925]LogModuleManager: Shutting down and abandoning module CharacterAI (536)
[2019.01.27-00.11.41:311][925]LogModuleManager: Shutting down and abandoning module SmartSnapping (534)
[2019.01.27-00.11.41:311][925]LogModuleManager: Shutting down and abandoning module SessionServices (532)
[2019.01.27-00.11.41:311][925]LogModuleManager: Shutting down and abandoning module ViewportSnapping (530)
[2019.01.27-00.11.41:311][925]LogModuleManager: Shutting down and abandoning module ViewportInteraction (528)
[2019.01.27-00.11.41:311][925]LogModuleManager: Shutting down and abandoning module ClothPainter (526)
[2019.01.27-00.11.41:311][925]LogModuleManager: Shutting down and abandoning module SkeletalMeshEditor (525)
[2019.01.27-00.11.41:311][925]LogModuleManager: Shutting down and abandoning module LogVisualizer (522)
[2019.01.27-00.11.41:311][925]LogModuleManager: Shutting down and abandoning module IntroTutorials (520)
[2019.01.27-00.11.41:311][925]LogModuleManager: Shutting down and abandoning module GameProjectGeneration (519)
[2019.01.27-00.11.41:312][925]LogModuleManager: Shutting down and abandoning module LuminPlatformEditor (516)
[2019.01.27-00.11.41:312][925]LogModuleManager: Shutting down and abandoning module IOSPlatformEditor (514)
[2019.01.27-00.11.41:312][925]LogModuleManager: Shutting down and abandoning module HTML5PlatformEditor (512)
[2019.01.27-00.11.41:312][925]LogModuleManager: Shutting down and abandoning module AndroidPlatformEditor (510)
[2019.01.27-00.11.41:312][925]LogModuleManager: Shutting down and abandoning module AndroidDeviceDetection (509)
[2019.01.27-00.11.42:827][925]LogModuleManager: Shutting down and abandoning module WindowsPlatformEditor (506)
[2019.01.27-00.11.42:827][925]LogModuleManager: Shutting down and abandoning module LuminRuntimeSettings (504)
[2019.01.27-00.11.42:827][925]LogModuleManager: Shutting down and abandoning module IOSRuntimeSettings (502)
[2019.01.27-00.11.42:827][925]LogModuleManager: Shutting down and abandoning module AndroidRuntimeSettings (500)
[2019.01.27-00.11.42:827][925]LogModuleManager: Shutting down and abandoning module InputBindingEditor (498)
[2019.01.27-00.11.42:827][925]LogModuleManager: Shutting down and abandoning module MergeActors (496)
[2019.01.27-00.11.42:827][925]LogModuleManager: Shutting down and abandoning module LocalizationDashboard (494)
[2019.01.27-00.11.42:837][925]LogModuleManager: Shutting down and abandoning module LocalizationService (493)
[2019.01.27-00.11.42:837][925]LogModuleManager: Shutting down and abandoning module HardwareTargeting (490)
[2019.01.27-00.11.42:837][925]LogModuleManager: Shutting down and abandoning module DeviceProfileEditor (488)
[2019.01.27-00.11.42:839][925]LogModuleManager: Shutting down and abandoning module UndoHistory (486)
[2019.01.27-00.11.42:843][925]LogModuleManager: Shutting down and abandoning module XmlParser (484)
[2019.01.27-00.11.42:843][925]LogModuleManager: Shutting down and abandoning module Blutility (482)
[2019.01.27-00.11.42:843][925]LogModuleManager: Shutting down and abandoning module ProjectSettingsViewer (480)
[2019.01.27-00.11.42:843][925]LogModuleManager: Shutting down and abandoning module ProjectTargetPlatformEditor (479)
[2019.01.27-00.11.42:843][925]LogModuleManager: Shutting down and abandoning module EditorSettingsViewer (476)
[2019.01.27-00.11.42:844][925]LogModuleManager: Shutting down and abandoning module SettingsEditor (474)
[2019.01.27-00.11.42:844][925]LogModuleManager: Shutting down and abandoning module ProjectLauncher (472)
[2019.01.27-00.11.42:844][925]LogModuleManager: Shutting down and abandoning module SessionFrontend (470)
[2019.01.27-00.11.42:847][925]LogModuleManager: Shutting down and abandoning module ProfilerClient (468)
[2019.01.27-00.11.42:847][925]LogModuleManager: Shutting down and abandoning module DeviceManager (466)
[2019.01.27-00.11.42:847][925]LogModuleManager: Shutting down and abandoning module TargetDeviceServices (465)
[2019.01.27-00.11.42:910][925]LogModuleManager: Shutting down and abandoning module AutomationController (462)
[2019.01.27-00.11.42:911][925]LogModuleManager: Shutting down and abandoning module AutomationWindow (460)
[2019.01.27-00.11.42:911][925]LogModuleManager: Shutting down and abandoning module Layers (458)
[2019.01.27-00.11.42:911][925]LogModuleManager: Shutting down and abandoning module ComponentVisualizers (456)
[2019.01.27-00.11.42:911][925]LogModuleManager: Shutting down and abandoning module DetailCustomizations (454)
[2019.01.27-00.11.42:911][925]LogModuleManager: Shutting down and abandoning module PackagesDialog (452)
[2019.01.27-00.11.42:912][925]LogModuleManager: Shutting down and abandoning module Persona (450)
[2019.01.27-00.11.42:912][925]LogModuleManager: Shutting down and abandoning module AdvancedPreviewScene (449)
[2019.01.27-00.11.42:912][925]LogModuleManager: Shutting down and abandoning module AnimGraph (447)
[2019.01.27-00.11.42:912][925]LogModuleManager: Shutting down and abandoning module Kismet (444)
[2019.01.27-00.11.42:913][925]LogModuleManager: Shutting down and abandoning module GraphEditor (442)
[2019.01.27-00.11.42:913][925]LogModuleManager: Shutting down and abandoning module ClassViewer (440)
[2019.01.27-00.11.42:914][925]LogModuleManager: Shutting down and abandoning module Toolbox (438)
[2019.01.27-00.11.42:914][925]LogModuleManager: Shutting down and abandoning module ModuleUI (436)
[2019.01.27-00.11.42:914][925]LogModuleManager: Shutting down and abandoning module MovieSceneTools (434)
[2019.01.27-00.11.42:919][925]LogModuleManager: Shutting down and abandoning module OutputLog (432)
[2019.01.27-00.11.42:919][925]LogModuleManager: Shutting down and abandoning module GammaUI (430)
[2019.01.27-00.11.42:919][925]LogModuleManager: Shutting down and abandoning module Documentation (428)
[2019.01.27-00.11.42:919][925]LogModuleManager: Shutting down and abandoning module MovieSceneTracks (426)
[2019.01.27-00.11.42:919][925]LogModuleManager: Shutting down and abandoning module MovieScene (424)
[2019.01.27-00.11.42:920][925]LogModuleManager: Shutting down and abandoning module StreamingPauseRendering (422)
[2019.01.27-00.11.42:920][925]LogModuleManager: Shutting down and abandoning module LauncherPlatform (420)
[2019.01.27-00.11.42:920][925]LogModuleManager: Shutting down and abandoning module AnalyticsET (418)
[2019.01.27-00.11.42:920][925]LogModuleManager: Shutting down and abandoning module PortalServices (416)
[2019.01.27-00.11.42:920][925]LogModuleManager: Shutting down and abandoning module PortalRpc (414)
[2019.01.27-00.11.42:920][925]LogModuleManager: Shutting down and abandoning module MessagingRpc (412)
[2019.01.27-00.11.42:920][925]LogModuleManager: Shutting down and abandoning module AIModule (410)
[2019.01.27-00.11.42:921][925]LogModuleManager: Shutting down and abandoning module GameplayDebugger (409)
[2019.01.27-00.11.42:921][925]LogModuleManager: Shutting down and abandoning module AITestSuite (407)
[2019.01.27-00.11.42:921][925]LogModuleManager: Shutting down and abandoning module NavigationSystem (405)
[2019.01.27-00.11.42:921][925]LogModuleManager: Shutting down and abandoning module DesktopPlatform (402)
[2019.01.27-00.11.42:921][925]LogModuleManager: Shutting down and abandoning module ProfilerService (400)
[2019.01.27-00.11.43:170][925]LogModuleManager: Shutting down and abandoning module TaskGraph (398)
[2019.01.27-00.11.43:171][925]LogModuleManager: Shutting down and abandoning module SteamVRController (396)
[2019.01.27-00.11.43:171][925]LogModuleManager: Shutting down and abandoning module ProceduralMeshComponentEditor (394)
[2019.01.27-00.11.43:171][925]LogModuleManager: Shutting down and abandoning module ProceduralMeshComponent (392)
[2019.01.27-00.11.43:171][925]LogModuleManager: Shutting down and abandoning module OculusInput (390)
[2019.01.27-00.11.43:171][925]LogModuleManager: Shutting down and abandoning module MobilePatchingUtils (388)
[2019.01.27-00.11.43:171][925]LogModuleManager: Shutting down and abandoning module EditableMesh (386)
[2019.01.27-00.11.43:171][925]LogModuleManager: Shutting down and abandoning module CustomMeshComponent (384)
[2019.01.27-00.11.43:171][925]LogModuleManager: Shutting down and abandoning module CableComponent (382)
[2019.01.27-00.11.43:171][925]LogModuleManager: Shutting down and abandoning module AudioCapture (380)
[2019.01.27-00.11.43:171][925]LogModuleManager: Shutting down and abandoning module ArchVisCharacter (378)
[2019.01.27-00.11.43:171][925]LogModuleManager: Shutting down and abandoning module AndroidPermission (376)
[2019.01.27-00.11.43:171][925]LogModuleManager: Shutting down and abandoning module NUTUnrealEngine4 (374)
[2019.01.27-00.11.43:171][925]LogModuleManager: Shutting down and abandoning module NetcodeUnitTest (372)
[2019.01.27-00.11.43:171][925]LogModuleManager: Shutting down and abandoning module MediaCompositingEditor (370)
[2019.01.27-00.11.43:171][925]LogModuleManager: Shutting down and abandoning module MediaCompositing (368)
[2019.01.27-00.11.43:171][925]LogModuleManager: Shutting down and abandoning module LinearTimecode (366)
[2019.01.27-00.11.43:171][925]LogModuleManager: Shutting down and abandoning module ImgMedia (364)
[2019.01.27-00.11.43:176][925]LogModuleManager: Shutting down and abandoning module HTML5Networking (362)
[2019.01.27-00.11.43:176][925]LogModuleManager: Shutting down and abandoning module GeometryCacheTracks (360)
[2019.01.27-00.11.43:177][925]LogModuleManager: Shutting down and abandoning module GeometryCacheSequencer (358)
[2019.01.27-00.11.43:177][925]LogModuleManager: Shutting down and abandoning module BackChannel (356)
[2019.01.27-00.11.43:177][925]LogModuleManager: Shutting down and abandoning module AppleVision (354)
[2019.01.27-00.11.43:177][925]LogModuleManager: Shutting down and abandoning module AppleImageUtils (352)
[2019.01.27-00.11.43:177][925]LogModuleManager: Shutting down and abandoning module AlembicImporter (350)
[2019.01.27-00.11.43:177][925]LogModuleManager: Shutting down and abandoning module AlembicLibrary (349)
[2019.01.27-00.11.43:177][925]LogModuleManager: Shutting down and abandoning module GeometryCache (348)
[2019.01.27-00.11.43:178][925]LogModuleManager: Shutting down and abandoning module GeometryCacheEd (347)
[2019.01.27-00.11.43:178][925]LogModuleManager: Shutting down and abandoning module DatasmithContentEditor (342)
[2019.01.27-00.11.43:178][925]LogModuleManager: Shutting down and abandoning module DatasmithContent (340)
[2019.01.27-00.11.43:184][925]LogModuleManager: Shutting down and abandoning module SpeedTreeImporter (338)
[2019.01.27-00.11.43:184][925]LogModuleManager: Shutting down and abandoning module PluginBrowser (336)
[2019.01.27-00.11.43:184][925]LogModuleManager: Shutting down and abandoning module MobileLauncherProfileWizard (334)
[2019.01.27-00.11.43:184][925]LogModuleManager: Shutting down and abandoning module PolygonModeling (332)
[2019.01.27-00.11.43:184][925]LogModuleManager: Shutting down and abandoning module MeshEditor (330)
[2019.01.27-00.11.43:184][925]LogModuleManager: Shutting down and abandoning module CryptoKeysOpenSSL (328)
[2019.01.27-00.11.43:185][925]LogModuleManager: Shutting down and abandoning module CryptoKeys (326)
[2019.01.27-00.11.43:185][925]LogModuleManager: Shutting down and abandoning module VisualStudioSourceCodeAccess (324)
[2019.01.27-00.11.43:185][925]LogModuleManager: Shutting down and abandoning module VisualStudioCodeSourceCodeAccess (322)
[2019.01.27-00.11.43:185][925]LogModuleManager: Shutting down and abandoning module UObjectPlugin (320)
[2019.01.27-00.11.43:185][925]LogModuleManager: Shutting down and abandoning module SubversionSourceControl (318)
[2019.01.27-00.11.43:185][925]LogModuleManager: Shutting down and abandoning module PerforceSourceControl (316)
[2019.01.27-00.11.43:185][925]LogModuleManager: Shutting down and abandoning module GitSourceControl (314)
[2019.01.27-00.11.43:185][925]LogModuleManager: Shutting down and abandoning module SourceControl (313)
[2019.01.27-00.11.43:185][925]LogModuleManager: Shutting down and abandoning module CLionSourceCodeAccess (310)
[2019.01.27-00.11.43:185][925]LogModuleManager: Shutting down and abandoning module LightPropagationVolumeEditor (308)
[2019.01.27-00.11.43:185][925]LogModuleManager: Shutting down and abandoning module PaperTiledImporter (306)
[2019.01.27-00.11.43:185][925]LogModuleManager: Shutting down and abandoning module PaperSpriteSheetImporter (304)
[2019.01.27-00.11.43:185][925]LogModuleManager: Shutting down and abandoning module Paper2DEditor (302)
[2019.01.27-00.11.43:185][925]LogModuleManager: Shutting down and abandoning module MeshPaint (301)
[2019.01.27-00.11.43:185][925]LogModuleManager: Shutting down and abandoning module RuntimePhysXCooking (298)
[2019.01.27-00.11.43:186][925]LogModuleManager: Shutting down and abandoning module PhysXVehiclesEditor (296)
[2019.01.27-00.11.43:186][925]LogModuleManager: Shutting down and abandoning module PhysXVehicles (294)
[2019.01.27-00.11.43:186][925]LogModuleManager: Shutting down and abandoning module OculusEditor (292)
[2019.01.27-00.11.43:186][925]LogModuleManager: Shutting down and abandoning module LocationServicesBPLibrary (290)
[2019.01.27-00.11.43:186][925]LogModuleManager: Shutting down and abandoning module ImmediatePhysicsEditor (288)
[2019.01.27-00.11.43:186][925]LogModuleManager: Shutting down and abandoning module ImmediatePhysics (286)
[2019.01.27-00.11.43:186][925]LogModuleManager: Shutting down and abandoning module ActorSequence (284)
[2019.01.27-00.11.43:186][925]LogModuleManager: Shutting down and abandoning module UdpMessaging (282)
[2019.01.27-00.11.43:289][925]LogModuleManager: Shutting down and abandoning module TcpMessaging (280)
[2019.01.27-00.11.43:391][925]LogModuleManager: Shutting down and abandoning module MagicLeapAudio (278)
[2019.01.27-00.11.43:391][925]LogModuleManager: Shutting down and abandoning module GameplayTagsEditor (276)
[2019.01.27-00.11.43:391][925]LogModuleManager: Shutting down and abandoning module FacialAnimationEditor (274)
[2019.01.27-00.11.43:391][925]LogModuleManager: Shutting down and abandoning module FacialAnimation (272)
[2019.01.27-00.11.43:391][925]LogModuleManager: Shutting down and abandoning module DataValidation (270)
[2019.01.27-00.11.43:391][925]LogModuleManager: Shutting down and abandoning module AssetManagerEditor (268)
[2019.01.27-00.11.43:392][925]LogModuleManager: Shutting down and abandoning module LevelEditor (267)
[2019.01.27-00.11.43:397][925]LogModuleManager: Shutting down and abandoning module PixelInspectorModule (266)
[2019.01.27-00.11.43:398][925]LogModuleManager: Shutting down and abandoning module CommonMenuExtensions (264)
[2019.01.27-00.11.43:398][925]LogModuleManager: Shutting down and abandoning module MainFrame (262)
[2019.01.27-00.11.43:398][925]LogModuleManager: Shutting down and abandoning module HotReload (261)
[2019.01.27-00.11.43:399][925]LogModuleManager: Shutting down and abandoning module ContentBrowser (257)
[2019.01.27-00.11.43:478][925]LogModuleManager: Shutting down and abandoning module TreeMap (255)
[2019.01.27-00.11.43:478][925]LogModuleManager: Shutting down and abandoning module LightPropagationVolumeRuntime (252)
[2019.01.27-00.11.43:478][925]LogModuleManager: Shutting down and abandoning module AISupportModule (250)
[2019.01.27-00.11.43:478][925]LogModuleManager: Shutting down and abandoning module Paper2D (248)
[2019.01.27-00.11.43:478][925]LogModuleManager: Shutting down and abandoning module WindowsMoviePlayer (246)
[2019.01.27-00.11.43:478][925]LogModuleManager: Shutting down and abandoning module WmfMedia (244)
[2019.01.27-00.11.43:480][925]LogModuleManager: Shutting down and abandoning module Media (243)
[2019.01.27-00.11.43:495][925]LogModuleManager: Shutting down and abandoning module PacketHandler (240)
[2019.01.27-00.11.43:495][925]LogModuleManager: Shutting down and abandoning module ClothingSystemEditor (238)
[2019.01.27-00.11.43:495][925]LogModuleManager: Shutting down and abandoning module ClothingSystemRuntime (236)
[2019.01.27-00.11.43:495][925]LogModuleManager: Shutting down and abandoning module MediaAssets (234)
[2019.01.27-00.11.43:495][925]LogModuleManager: Shutting down and abandoning module Overlay (232)
[2019.01.27-00.11.43:495][925]LogModuleManager: Shutting down and abandoning module OverlayEditor (231)
[2019.01.27-00.11.43:495][925]LogModuleManager: Shutting down and abandoning module VREditor (228)
[2019.01.27-00.11.43:495][925]LogModuleManager: Shutting down and abandoning module StringTableEditor (226)
[2019.01.27-00.11.43:495][925]LogModuleManager: Shutting down and abandoning module GameplayTasksEditor (224)
[2019.01.27-00.11.43:495][925]LogModuleManager: Shutting down and abandoning module BehaviorTreeEditor (222)
[2019.01.27-00.11.43:496][925]LogModuleManager: Shutting down and abandoning module FunctionalTesting (220)
[2019.01.27-00.11.43:496][925]LogModuleManager: Shutting down and abandoning module CollisionAnalyzer (218)
[2019.01.27-00.11.43:496][925]LogModuleManager: Shutting down and abandoning module WorkspaceMenuStructure (217)
[2019.01.27-00.11.43:496][925]LogModuleManager: Shutting down and abandoning module UMG (214)
[2019.01.27-00.11.43:496][925]LogModuleManager: Shutting down and abandoning module UMGEditor (213)
[2019.01.27-00.11.43:496][925]LogModuleManager: Shutting down and abandoning module Sequencer (212)
[2019.01.27-00.11.43:496][925]LogModuleManager: Shutting down and abandoning module MessageLog (209)
[2019.01.27-00.11.43:496][925]LogModuleManager: Shutting down and abandoning module SlateReflector (204)
[2019.01.27-00.11.43:496][925]LogModuleManager: Shutting down and abandoning module Slate (202)
[2019.01.27-00.11.43:496][925]LogModuleManager: Shutting down and abandoning module EditorStyle (200)
[2019.01.27-00.11.43:510][925]LogModuleManager: Shutting down and abandoning module MRMesh (198)
[2019.01.27-00.11.43:511][925]LogModuleManager: Shutting down and abandoning module SourceCodeAccess (196)
[2019.01.27-00.11.43:511][925]LogModuleManager: Shutting down and abandoning module HeadMountedDisplay (194)
[2019.01.27-00.11.43:511][925]LogModuleManager: Shutting down and abandoning module XAudio2 (192)
[2019.01.27-00.11.43:511][925]LogModuleManager: Shutting down and abandoning module Networking (190)
[2019.01.27-00.11.43:511][925]LogModuleManager: Shutting down and abandoning module Core (188)
[2019.01.27-00.11.43:511][925]LogModuleManager: Shutting down and abandoning module LevelSequence (186)
[2019.01.27-00.11.43:511][925]LogModuleManager: Shutting down and abandoning module KismetCompiler (184)
[2019.01.27-00.11.43:515][925]LogModuleManager: Shutting down and abandoning module MeshUtilities (182)
[2019.01.27-00.11.43:515][925]LogModuleManager: Shutting down and abandoning module MeshMergeUtilities (181)
[2019.01.27-00.11.43:515][925]LogModuleManager: Shutting down and abandoning module MeshReductionInterface (180)
[2019.01.27-00.11.43:515][925]LogModuleManager: Shutting down and abandoning module SimplygonSwarm (179)
[2019.01.27-00.11.43:515][925]LogModuleManager: Shutting down and abandoning module ProxyLODMeshReduction (177)
[2019.01.27-00.11.43:516][925]LogModuleManager: Shutting down and abandoning module SimplygonMeshReduction (175)
[2019.01.27-00.11.43:517][925]LogModuleManager: Shutting down and abandoning module QuadricMeshReduction (173)
[2019.01.27-00.11.43:517][925]LogModuleManager: Shutting down and abandoning module MaterialBaking (169)
[2019.01.27-00.11.43:517][925]LogModuleManager: Shutting down and abandoning module DirectoryWatcher (165)
[2019.01.27-00.11.43:528][925]LogModuleManager: Shutting down and abandoning module DerivedDataCache (162)
[2019.01.27-00.11.43:574][925]LogDerivedDataCache: Shutdown
[2019.01.27-00.11.43:574][925]LogModuleManager: Shutting down and abandoning module XGEController (160)
[2019.01.27-00.11.43:574][925]LogModuleManager: Shutting down and abandoning module TargetPlatform (158)
[2019.01.27-00.11.43:574][925]LogModuleManager: Shutting down and abandoning module VulkanShaderFormat (157)
[2019.01.27-00.11.43:575][925]LogModuleManager: Shutting down and abandoning module ShaderFormatVectorVM (155)
[2019.01.27-00.11.43:575][925]LogModuleManager: Shutting down and abandoning module ShaderFormatOpenGL (153)
[2019.01.27-00.11.43:575][925]LogModuleManager: Shutting down and abandoning module ShaderFormatD3D (151)
[2019.01.27-00.11.43:576][925]LogModuleManager: Shutting down and abandoning module MetalShaderFormat (149)
[2019.01.27-00.11.43:576][925]LogModuleManager: Shutting down and abandoning module TextureFormatUncompressed (147)
[2019.01.27-00.11.43:576][925]LogModuleManager: Shutting down and abandoning module TextureFormatPVR (145)
[2019.01.27-00.11.43:576][925]LogModuleManager: Shutting down and abandoning module TextureFormatDXT (143)
[2019.01.27-00.11.43:576][925]LogModuleManager: Shutting down and abandoning module TextureFormatIntelISPCTexComp (141)
[2019.01.27-00.11.43:576][925]LogModuleManager: Shutting down and abandoning module TextureFormatASTC (139)
[2019.01.27-00.11.43:576][925]LogModuleManager: Shutting down and abandoning module ImageWrapper (138)
[2019.01.27-00.11.43:576][925]LogModuleManager: Shutting down and abandoning module TextureFormatAndroid (135)
[2019.01.27-00.11.43:576][925]LogModuleManager: Shutting down and abandoning module AudioFormatOpus (133)
[2019.01.27-00.11.43:576][925]LogModuleManager: Shutting down and abandoning module AudioFormatOgg (131)
[2019.01.27-00.11.43:576][925]LogModuleManager: Shutting down and abandoning module AudioFormatADPCM (129)
[2019.01.27-00.11.43:576][925]LogModuleManager: Shutting down and abandoning module LuminTargetPlatform (127)
[2019.01.27-00.11.43:576][925]LogModuleManager: Shutting down and abandoning module LinuxTargetPlatform (125)
[2019.01.27-00.11.43:577][925]LogModuleManager: Shutting down and abandoning module LinuxServerTargetPlatform (123)
[2019.01.27-00.11.43:577][925]LogModuleManager: Shutting down and abandoning module LinuxNoEditorTargetPlatform (121)
[2019.01.27-00.11.43:577][925]LogModuleManager: Shutting down and abandoning module LinuxClientTargetPlatform (119)
[2019.01.27-00.11.43:577][925]LogModuleManager: Shutting down and abandoning module TVOSTargetPlatform (117)
[2019.01.27-00.11.43:624][925]LogModuleManager: Shutting down and abandoning module Messaging (115)
[2019.01.27-00.11.43:624][925]LogModuleManager: Shutting down and abandoning module IOSTargetPlatform (113)
[2019.01.27-00.11.43:637][925]LogModuleManager: Shutting down and abandoning module HTML5TargetPlatform (111)
[2019.01.27-00.11.43:637][925]LogModuleManager: Shutting down and abandoning module AndroidTargetPlatform (109)
[2019.01.27-00.11.43:736][925]LogModuleManager: Shutting down and abandoning module WindowsTargetPlatform (107)
[2019.01.27-00.11.43:736][925]LogModuleManager: Shutting down and abandoning module WindowsServerTargetPlatform (105)
[2019.01.27-00.11.43:736][925]LogModuleManager: Shutting down and abandoning module WindowsNoEditorTargetPlatform (103)
[2019.01.27-00.11.43:736][925]LogModuleManager: Shutting down and abandoning module WindowsClientTargetPlatform (101)
[2019.01.27-00.11.43:737][925]LogModuleManager: Shutting down and abandoning module MacTargetPlatform (99)
[2019.01.27-00.11.43:737][925]LogModuleManager: Shutting down and abandoning module MacServerTargetPlatform (97)
[2019.01.27-00.11.43:737][925]LogModuleManager: Shutting down and abandoning module MacNoEditorTargetPlatform (95)
[2019.01.27-00.11.43:737][925]LogModuleManager: Shutting down and abandoning module MacClientTargetPlatform (93)
[2019.01.27-00.11.43:737][925]LogModuleManager: Shutting down and abandoning module AllDesktopTargetPlatform (91)
[2019.01.27-00.11.43:737][925]LogModuleManager: Shutting down and abandoning module InputCore (88)
[2019.01.27-00.11.43:737][925]LogModuleManager: Shutting down and abandoning module Settings (86)
[2019.01.27-00.11.43:737][925]LogModuleManager: Shutting down and abandoning module PhysXCooking (84)
[2019.01.27-00.11.43:737][925]LogModuleManager: Shutting down and abandoning module SteamVR (82)
[2019.01.27-00.11.43:737][925]LogModuleManager: Shutting down and abandoning module OculusHMD (80)
[2019.01.27-00.11.43:737][925]LogModuleManager: Shutting down and abandoning module ExampleDeviceProfileSelector (78)
[2019.01.27-00.11.43:738][925]LogModuleManager: Shutting down and abandoning module LauncherChunkInstaller (76)
[2019.01.27-00.11.43:738][925]LogModuleManager: Shutting down and abandoning module OnlineBlueprintSupport (74)
[2019.01.27-00.11.43:738][925]LogModuleManager: Shutting down and abandoning module OnlineSubsystem (70)
[2019.01.27-00.11.43:739][925]LogModuleManager: Shutting down and abandoning module XMPP (65)
[2019.01.27-00.11.43:739][925]LogModuleManager: Shutting down and abandoning module WebSockets (64)
[2019.01.27-00.11.43:767][925]LogModuleManager: Shutting down and abandoning module HTTP (61)
[2019.01.27-00.11.43:768][925]LogHttp: Display: Http module shutting down, but needs to wait on 1 outstanding Http requests:
[2019.01.27-00.11.43:768][925]LogHttp: Display: 	verb=[POST] url=[https://datarouter.ol.epicgames.com/datarouter/api/v1/public/data?SessionID=%7B6F5DEF87-4626-EF11-ECAE-ECB865DC8339%7D&AppID=UEEditor.Rocket.Release&AppVersion=4.20.3-4369336%2B%2B%2BUE4%2BRelease-4.20&UserID=a6daf97949170e2687d17ebf444c3268%7Ca8d2d7d3b04f4863bf3d9c0fee570ce4%7C61929452-92c5-4aa5-9a81-9e130062f955&AppEnvironment=datacollector-binary&UploadType=eteventstream] status=Processing
[2019.01.27-00.11.43:793][925]LogModuleManager: Shutting down and abandoning module SSL (60)
[2019.01.27-00.11.43:795][925]LogModuleManager: Shutting down and abandoning module MagicLeapEmulator (56)
[2019.01.27-00.11.43:795][925]LogModuleManager: Shutting down and abandoning module MagicLeapPrivileges (54)
[2019.01.27-00.11.43:795][925]LogModuleManager: Shutting down and abandoning module MagicLeapIdentity (52)
[2019.01.27-00.11.43:795][925]LogModuleManager: Shutting down and abandoning module MagicLeapHelperVulkan (50)
[2019.01.27-00.11.43:795][925]LogModuleManager: Shutting down and abandoning module MagicLeapHelperOpenGL (48)
[2019.01.27-00.11.43:795][925]LogModuleManager: Shutting down and abandoning module MagicLeapSecureStorage (46)
[2019.01.27-00.11.43:795][925]LogModuleManager: Shutting down and abandoning module MagicLeapGestures (44)
[2019.01.27-00.11.43:795][925]LogModuleManager: Shutting down and abandoning module MagicLeapEyeTracker (42)
[2019.01.27-00.11.43:795][925]LogModuleManager: Shutting down and abandoning module MagicLeapController (40)
[2019.01.27-00.11.43:798][925]LogSlate: Slate User Destroyed.  User Index 0, Is Virtual User: 0
[2019.01.27-00.11.43:798][925]LogModuleManager: Shutting down and abandoning module MagicLeap (38)
[2019.01.27-00.11.43:798][925]LogModuleManager: Shutting down and abandoning module AnimationModifiers (36)
[2019.01.27-00.11.43:798][925]LogModuleManager: Shutting down and abandoning module PropertyEditor (35)
[2019.01.27-00.11.43:798][925]LogModuleManager: Shutting down and abandoning module AudioEditor (32)
[2019.01.27-00.11.43:798][925]LogModuleManager: Shutting down and abandoning module TextureCompressor (30)
[2019.01.27-00.11.43:799][925]LogModuleManager: Shutting down and abandoning module ShaderCore (28)
[2019.01.27-00.11.43:799][925]LogModuleManager: Shutting down and abandoning module Landscape (26)
[2019.01.27-00.11.43:799][925]LogModuleManager: Shutting down and abandoning module SlateRHIRenderer (24)
[2019.01.27-00.11.43:800][925]LogModuleManager: Shutting down and abandoning module OpenGLDrv (22)
[2019.01.27-00.11.43:800][925]LogModuleManager: Shutting down and abandoning module D3D11RHI (20)
[2019.01.27-00.11.43:800][925]LogModuleManager: Shutting down and abandoning module AnimGraphRuntime (18)
[2019.01.27-00.11.43:801][925]LogModuleManager: Shutting down and abandoning module Renderer (16)
[2019.01.27-00.11.43:801][925]LogModuleManager: Shutting down and abandoning module Engine (14)
[2019.01.27-00.11.43:801][925]LogModuleManager: Shutting down and abandoning module CoreUObject (12)
[2019.01.27-00.11.43:801][925]LogModuleManager: Shutting down and abandoning module NetworkFile (10)
[2019.01.27-00.11.43:801][925]LogModuleManager: Shutting down and abandoning module CookedIterativeFile (8)
[2019.01.27-00.11.43:801][925]LogModuleManager: Shutting down and abandoning module StreamingFile (6)
[2019.01.27-00.11.43:801][925]LogModuleManager: Shutting down and abandoning module SandboxFile (4)
[2019.01.27-00.11.43:801][925]LogModuleManager: Shutting down and abandoning module PakFile (2)
[2019.01.27-00.11.43:807][925]LogExit: Exiting.
[2019.01.27-00.11.43:832][925]Log file closed, 01/26/19 17:11:43
